#! /usr/local/bin/vvp
:ivl_version "10.1 (stable)" "(v10_1-27-g30257e0)";
:ivl_delay_selection "TYPICAL";
:vpi_time_precision + 0;
:vpi_module "system";
:vpi_module "vhdl_sys";
:vpi_module "v2005_math";
:vpi_module "va_math";
S_0x7f8cf7414540 .scope module, "CPU" "CPU" 2 1;
 .timescale 0 0;
    .port_info 0 /INPUT 1 "clk_i"
    .port_info 1 /INPUT 1 "rst_i"
    .port_info 2 /INPUT 1 "start_i"
L_0x7f8cf7442260 .functor OR 1, L_0x7f8cf7443d50, L_0x7f8cf7443420, C4<0>, C4<0>;
L_0x7f8cf7442c10 .functor OR 1, v0x7f8cf7436ef0_0, L_0x7f8cf7442830, C4<0>, C4<0>;
v0x7f8cf743e120_0 .net "EX_ALUCtrl", 2 0, L_0x7f8cf7447e40;  1 drivers
v0x7f8cf743e1d0_0 .net "EX_ALUOp", 1 0, L_0x7f8cf74460c0;  1 drivers
v0x7f8cf743e2b0_0 .net "EX_ALUResult", 31 0, L_0x7f8cf7447dd0;  1 drivers
v0x7f8cf743e380_0 .net "EX_ALUSrc", 0 0, v0x7f8cf7433e40_0;  1 drivers
v0x7f8cf743e450_0 .net "EX_ALUin1", 31 0, L_0x7f8cf74472d0;  1 drivers
v0x7f8cf743e560_0 .net "EX_ALUin2", 31 0, L_0x7f8cf7447eb0;  1 drivers
v0x7f8cf743e630_0 .net "EX_ALUinB", 31 0, L_0x7f8cf7447c70;  1 drivers
v0x7f8cf743e700_0 .net "EX_ForwardA", 1 0, L_0x7f8cf7449190;  1 drivers
v0x7f8cf743e7d0_0 .net "EX_ForwardB", 1 0, L_0x7f8cf7449a10;  1 drivers
v0x7f8cf743e8e0_0 .net "EX_MemRd", 0 0, v0x7f8cf74346a0_0;  1 drivers
v0x7f8cf743e970_0 .net "EX_MemWr", 0 0, L_0x7f8cf7445e10;  1 drivers
v0x7f8cf743ea40_0 .net "EX_MemtoReg", 0 0, L_0x7f8cf7445f80;  1 drivers
v0x7f8cf743eb10_0 .net "EX_Rd", 4 0, v0x7f8cf7434cb0_0;  1 drivers
v0x7f8cf743ebe0_0 .net "EX_RegDst", 0 0, v0x7f8cf7434e90_0;  1 drivers
v0x7f8cf743ecb0_0 .net "EX_RegWrite", 0 0, L_0x7f8cf7445ff0;  1 drivers
v0x7f8cf743ed80_0 .net "EX_Rs", 4 0, v0x7f8cf74347e0_0;  1 drivers
v0x7f8cf743ee50_0 .net "EX_RsData", 31 0, v0x7f8cf7434270_0;  1 drivers
v0x7f8cf743f020_0 .net "EX_Rt", 4 0, v0x7f8cf7435570_0;  1 drivers
v0x7f8cf743f0b0_0 .net "EX_RtData", 31 0, v0x7f8cf7434480_0;  1 drivers
v0x7f8cf743f140_0 .net "EX_WriteReg", 4 0, L_0x7f8cf74469c0;  1 drivers
v0x7f8cf743f1d0_0 .net "EX_funct", 5 0, L_0x7f8cf7446620;  1 drivers
v0x7f8cf743f260_0 .net "EX_imm32", 31 0, v0x7f8cf7435a20_0;  1 drivers
v0x7f8cf743f330_0 .net "ID_ALUOp", 1 0, L_0x7f8cf74449b0;  1 drivers
v0x7f8cf743f400_0 .net "ID_ALUSrc", 0 0, L_0x7f8cf74435e0;  1 drivers
v0x7f8cf743f4d0_0 .net "ID_Branch", 0 0, L_0x7f8cf7443d50;  1 drivers
v0x7f8cf743f5a0_0 .net "ID_Flush", 0 0, v0x7f8cf7436ef0_0;  1 drivers
v0x7f8cf743f630_0 .net "ID_Jump", 0 0, L_0x7f8cf7443420;  1 drivers
v0x7f8cf743f6c0_0 .net "ID_MemRd", 0 0, L_0x7f8cf7443860;  1 drivers
v0x7f8cf743f790_0 .net "ID_MemWr", 0 0, L_0x7f8cf7443ab0;  1 drivers
o0x10ed06818 .functor BUFZ 1, C4<z>; HiZ drive
v0x7f8cf743f860_0 .net "ID_MemtoReg", 0 0, o0x10ed06818;  0 drivers
v0x7f8cf743f8f0_0 .net "ID_NoOp", 0 0, L_0x7f8cf7442c10;  1 drivers
v0x7f8cf743f980_0 .net "ID_PC", 31 0, L_0x7f8cf7442480;  1 drivers
v0x7f8cf743fa10_0 .net "ID_PCWrite", 0 0, L_0x7f8cf7442960;  1 drivers
o0x10ed09368 .functor BUFZ 32, C4<zzzzzzzzzzzzzzzzzzzzzzzzzzzzzzzz>; HiZ drive
v0x7f8cf743ef20_0 .net "ID_RdData", 31 0, o0x10ed09368;  0 drivers
v0x7f8cf743fca0_0 .net "ID_RegDst", 0 0, L_0x7f8cf7442e50;  1 drivers
v0x7f8cf743fd70_0 .net "ID_RegWrite", 0 0, L_0x7f8cf7444860;  1 drivers
v0x7f8cf743fe40_0 .net "ID_RsData", 31 0, L_0x7f8cf74450a0;  1 drivers
v0x7f8cf743ff10_0 .net "ID_RtData", 31 0, L_0x7f8cf7445350;  1 drivers
v0x7f8cf743ffe0_0 .net "ID_Stall", 0 0, L_0x7f8cf7442830;  1 drivers
v0x7f8cf7440070_0 .net "ID_imm32", 31 0, L_0x7f8cf7445890;  1 drivers
v0x7f8cf7440140_0 .net "ID_inst", 31 0, v0x7f8cf74373b0_0;  1 drivers
v0x7f8cf74401d0_0 .net "IF_inst", 31 0, L_0x7f8cf74421b0;  1 drivers
v0x7f8cf74402a0_0 .net "MEM_ALUResult", 31 0, v0x7f8cf742f950_0;  1 drivers
RS_0x10ed073e8 .resolv tri, v0x7f8cf742fd60_0, L_0x7f8cf744a450;
v0x7f8cf7440330_0 .net8 "MEM_Data", 31 0, RS_0x10ed073e8;  2 drivers
v0x7f8cf74403c0_0 .net "MEM_MemRd", 0 0, L_0x7f8cf74480d0;  1 drivers
v0x7f8cf7440450_0 .net "MEM_MemWr", 0 0, L_0x7f8cf7448140;  1 drivers
v0x7f8cf74404e0_0 .net "MEM_MemtoReg", 0 0, L_0x7f8cf7448220;  1 drivers
v0x7f8cf74405b0_0 .net "MEM_RegWrite", 0 0, v0x7f8cf7430630_0;  1 drivers
v0x7f8cf7440640_0 .net "MEM_Rt", 4 0, L_0x7f8cf7448680;  1 drivers
v0x7f8cf74406d0_0 .net "MEM_WriteReg", 4 0, v0x7f8cf7430a20_0;  1 drivers
v0x7f8cf7440760_0 .net "PC_Add4", 31 0, L_0x7f8cf7441350;  1 drivers
v0x7f8cf74407f0_0 .net "PC_AddOffset", 31 0, L_0x7f8cf74418b0;  1 drivers
v0x7f8cf74408c0_0 .net "PC_Branch", 31 0, L_0x7f8cf7441d10;  1 drivers
o0x10ed0a7d8 .functor BUFZ 32, C4<zzzzzzzzzzzzzzzzzzzzzzzzzzzzzzzz>; HiZ drive
v0x7f8cf7440990_0 .net "PC_Jump", 31 0, o0x10ed0a7d8;  0 drivers
v0x7f8cf7440a20_0 .net "PC_offset", 31 0, L_0x7f8cf74416f0;  1 drivers
v0x7f8cf7440ab0_0 .net "WB_ALUResult", 31 0, v0x7f8cf7438170_0;  1 drivers
v0x7f8cf7440b80_0 .net "WB_MemData", 31 0, v0x7f8cf74383a0_0;  1 drivers
v0x7f8cf7440c50_0 .net "WB_MemtoReg", 0 0, v0x7f8cf7438600_0;  1 drivers
v0x7f8cf7440d20_0 .net "WB_RegAddr", 4 0, v0x7f8cf7438840_0;  1 drivers
v0x7f8cf7440db0_0 .net "WB_RegWrite", 0 0, v0x7f8cf7438a30_0;  1 drivers
v0x7f8cf7440e40_0 .net "WB_WriteData", 31 0, L_0x7f8cf744a890;  1 drivers
v0x7f8cf7440f50_0 .net *"_s4", 29 0, L_0x7f8cf7441650;  1 drivers
L_0x10ed38098 .functor BUFT 1, C4<00>, C4<0>, C4<0>, C4<0>;
v0x7f8cf7440fe0_0 .net *"_s6", 1 0, L_0x10ed38098;  1 drivers
v0x7f8cf7441070_0 .net "brjp", 0 0, L_0x7f8cf7442260;  1 drivers
o0x10ed07958 .functor BUFZ 1, C4<z>; HiZ drive
v0x7f8cf7441100_0 .net "clk_i", 0 0, o0x10ed07958;  0 drivers
v0x7f8cf743faa0_0 .net "currentPC", 31 0, v0x7f8cf743cd40_0;  1 drivers
v0x7f8cf743fbb0_0 .net "nextPC", 31 0, L_0x7f8cf7441e30;  1 drivers
o0x10ed09848 .functor BUFZ 1, C4<z>; HiZ drive
v0x7f8cf7441190_0 .net "rst_i", 0 0, o0x10ed09848;  0 drivers
o0x10ed0aa78 .functor BUFZ 1, C4<z>; HiZ drive
v0x7f8cf7441220_0 .net "start_i", 0 0, o0x10ed0aa78;  0 drivers
L_0x7f8cf7441650 .part L_0x7f8cf7445890, 0, 30;
L_0x7f8cf74416f0 .concat [ 2 30 0 0], L_0x10ed38098, L_0x7f8cf7441650;
L_0x7f8cf74429d0 .part v0x7f8cf74373b0_0, 21, 5;
L_0x7f8cf7442ab0 .part v0x7f8cf74373b0_0, 16, 5;
L_0x7f8cf7444e80 .part v0x7f8cf74373b0_0, 26, 6;
L_0x7f8cf7445400 .part v0x7f8cf74373b0_0, 21, 5;
L_0x7f8cf74454e0 .part v0x7f8cf74373b0_0, 16, 5;
L_0x7f8cf7445b90 .part v0x7f8cf74373b0_0, 0, 16;
L_0x7f8cf7446690 .part v0x7f8cf74373b0_0, 21, 5;
L_0x7f8cf7446780 .part v0x7f8cf74373b0_0, 16, 5;
L_0x7f8cf7446820 .part v0x7f8cf74373b0_0, 11, 5;
L_0x7f8cf7446920 .part v0x7f8cf74373b0_0, 0, 6;
S_0x7f8cf7413fb0 .scope module, "ALU" "ALU" 2 196, 3 1 0, S_0x7f8cf7414540;
 .timescale 0 0;
    .port_info 0 /INPUT 32 "data1_i"
    .port_info 1 /INPUT 32 "data2_i"
    .port_info 2 /INPUT 3 "ALUCtrl_i"
    .port_info 3 /OUTPUT 32 "data_o"
L_0x7f8cf7447dd0 .functor BUFZ 32, v0x7f8cf742cae0_0, C4<00000000000000000000000000000000>, C4<00000000000000000000000000000000>, C4<00000000000000000000000000000000>;
v0x7f8cf7418690_0 .net "ALUCtrl_i", 2 0, L_0x7f8cf7447e40;  alias, 1 drivers
v0x7f8cf742c8c0_0 .net "data1_i", 31 0, L_0x7f8cf74472d0;  alias, 1 drivers
v0x7f8cf742c970_0 .net "data2_i", 31 0, L_0x7f8cf7447eb0;  alias, 1 drivers
v0x7f8cf742ca30_0 .net "data_o", 31 0, L_0x7f8cf7447dd0;  alias, 1 drivers
v0x7f8cf742cae0_0 .var "data_reg", 31 0;
E_0x7f8cf741fcd0 .event edge, v0x7f8cf7418690_0, v0x7f8cf742c970_0, v0x7f8cf742c8c0_0;
S_0x7f8cf742cc10 .scope module, "ALU_Control" "ALU_Control" 2 203, 4 1 0, S_0x7f8cf7414540;
 .timescale 0 0;
    .port_info 0 /INPUT 6 "funct_i"
    .port_info 1 /INPUT 2 "ALUOp_i"
    .port_info 2 /OUTPUT 3 "ALUCtrl_o"
L_0x7f8cf7447e40 .functor BUFZ 3, v0x7f8cf742cf30_0, C4<000>, C4<000>, C4<000>;
v0x7f8cf742ce60_0 .net "ALUCtrl_o", 2 0, L_0x7f8cf7447e40;  alias, 1 drivers
v0x7f8cf742cf30_0 .var "ALUCtrl_reg", 2 0;
v0x7f8cf742cfd0_0 .net "ALUOp_i", 1 0, L_0x7f8cf74460c0;  alias, 1 drivers
v0x7f8cf742d090_0 .net "funct_i", 5 0, L_0x7f8cf7446620;  alias, 1 drivers
E_0x7f8cf742ce20 .event edge, v0x7f8cf742cfd0_0, v0x7f8cf742d090_0;
S_0x7f8cf742d190 .scope module, "Add_Branch" "Adder" 2 42, 5 1 0, S_0x7f8cf7414540;
 .timescale 0 0;
    .port_info 0 /INPUT 32 "data1_in"
    .port_info 1 /INPUT 32 "data2_in"
    .port_info 2 /OUTPUT 32 "data_o"
L_0x10ed38128 .functor BUFT 1, C4<0>, C4<0>, C4<0>, C4<0>;
v0x7f8cf742d3b0_0 .net *"_s10", 0 0, L_0x10ed38128;  1 drivers
v0x7f8cf742d460_0 .net *"_s11", 32 0, L_0x7f8cf7441bd0;  1 drivers
v0x7f8cf742d510_0 .net *"_s3", 32 0, L_0x7f8cf7441990;  1 drivers
L_0x10ed380e0 .functor BUFT 1, C4<0>, C4<0>, C4<0>, C4<0>;
v0x7f8cf742d5d0_0 .net *"_s6", 0 0, L_0x10ed380e0;  1 drivers
v0x7f8cf742d680_0 .net *"_s7", 32 0, L_0x7f8cf7441a70;  1 drivers
v0x7f8cf742d770_0 .net "co", 0 0, L_0x7f8cf7441810;  1 drivers
v0x7f8cf742d810_0 .net "data1_in", 31 0, L_0x7f8cf7441350;  alias, 1 drivers
v0x7f8cf742d8c0_0 .net "data2_in", 31 0, L_0x7f8cf74416f0;  alias, 1 drivers
v0x7f8cf742d970_0 .net "data_o", 31 0, L_0x7f8cf74418b0;  alias, 1 drivers
L_0x7f8cf7441810 .part L_0x7f8cf7441bd0, 32, 1;
L_0x7f8cf74418b0 .part L_0x7f8cf7441bd0, 0, 32;
L_0x7f8cf7441990 .concat [ 32 1 0 0], L_0x7f8cf7441350, L_0x10ed380e0;
L_0x7f8cf7441a70 .concat [ 32 1 0 0], L_0x7f8cf74416f0, L_0x10ed38128;
L_0x7f8cf7441bd0 .arith/sum 33, L_0x7f8cf7441990, L_0x7f8cf7441a70;
S_0x7f8cf742dad0 .scope module, "Add_PC" "Adder" 2 34, 5 1 0, S_0x7f8cf7414540;
 .timescale 0 0;
    .port_info 0 /INPUT 32 "data1_in"
    .port_info 1 /INPUT 32 "data2_in"
    .port_info 2 /OUTPUT 32 "data_o"
v0x7f8cf742dcd0_0 .net *"_s11", 32 0, L_0x7f8cf7441510;  1 drivers
v0x7f8cf742dd60_0 .net *"_s3", 32 0, L_0x7f8cf7441470;  1 drivers
L_0x10ed38008 .functor BUFT 1, C4<0>, C4<0>, C4<0>, C4<0>;
v0x7f8cf742de00_0 .net *"_s6", 0 0, L_0x10ed38008;  1 drivers
L_0x10ed38d40 .functor BUFT 1, C4<000000000000000000000000000000100>, C4<0>, C4<0>, C4<0>;
v0x7f8cf742dec0_0 .net *"_s7", 32 0, L_0x10ed38d40;  1 drivers
v0x7f8cf742df70_0 .net "co", 0 0, L_0x7f8cf74412b0;  1 drivers
v0x7f8cf742e050_0 .net "data1_in", 31 0, v0x7f8cf743cd40_0;  alias, 1 drivers
L_0x10ed38050 .functor BUFT 1, C4<00000000000000000000000000000100>, C4<0>, C4<0>, C4<0>;
v0x7f8cf742e100_0 .net "data2_in", 31 0, L_0x10ed38050;  1 drivers
v0x7f8cf742e1b0_0 .net "data_o", 31 0, L_0x7f8cf7441350;  alias, 1 drivers
L_0x7f8cf74412b0 .part L_0x7f8cf7441510, 32, 1;
L_0x7f8cf7441350 .part L_0x7f8cf7441510, 0, 32;
L_0x7f8cf7441470 .concat [ 32 1 0 0], v0x7f8cf743cd40_0, L_0x10ed38008;
L_0x7f8cf7441510 .arith/sum 33, L_0x7f8cf7441470, L_0x10ed38d40;
S_0x7f8cf742e290 .scope module, "Control" "Control" 2 105, 6 1 0, S_0x7f8cf7414540;
 .timescale 0 0;
    .port_info 0 /INPUT 6 "Op_i"
    .port_info 1 /INPUT 1 "NoOp_i"
    .port_info 2 /OUTPUT 1 "ALUSrc_o"
    .port_info 3 /OUTPUT 2 "ALUOp_o"
    .port_info 4 /OUTPUT 1 "RegDst_o"
    .port_info 5 /OUTPUT 1 "MemRd_o"
    .port_info 6 /OUTPUT 1 "MemWr_o"
    .port_info 7 /OUTPUT 1 "Branch_o"
    .port_info 8 /OUTPUT 1 "Jump_o"
    .port_info 9 /OUTPUT 1 "MemtoReg_o"
    .port_info 10 /OUTPUT 1 "RegWrite_o"
L_0x7f8cf7442d00 .functor NOT 1, L_0x7f8cf7442c10, C4<0>, C4<0>, C4<0>;
L_0x7f8cf7442e50 .functor AND 1, L_0x7f8cf7442d00, L_0x7f8cf7442d70, C4<1>, C4<1>;
L_0x7f8cf7442f40 .functor NOT 1, L_0x7f8cf7442c10, C4<0>, C4<0>, C4<0>;
L_0x7f8cf7443270 .functor OR 1, L_0x7f8cf7443030, L_0x7f8cf74431d0, C4<0>, C4<0>;
L_0x7f8cf74434a0 .functor OR 1, L_0x7f8cf7443270, L_0x7f8cf7443380, C4<0>, C4<0>;
L_0x7f8cf74435e0 .functor AND 1, L_0x7f8cf7442f40, L_0x7f8cf74434a0, C4<1>, C4<1>;
L_0x7f8cf74436d0 .functor NOT 1, L_0x7f8cf7442c10, C4<0>, C4<0>, C4<0>;
L_0x7f8cf7443860 .functor AND 1, L_0x7f8cf74436d0, L_0x7f8cf7443780, C4<1>, C4<1>;
L_0x7f8cf7443950 .functor NOT 1, L_0x7f8cf7442c10, C4<0>, C4<0>, C4<0>;
L_0x7f8cf7443ab0 .functor AND 1, L_0x7f8cf7443950, L_0x7f8cf7443a10, C4<1>, C4<1>;
L_0x7f8cf7443ba0 .functor NOT 1, L_0x7f8cf7442c10, C4<0>, C4<0>, C4<0>;
L_0x7f8cf7443d50 .functor AND 1, L_0x7f8cf7443ba0, L_0x7f8cf7443c70, C4<1>, C4<1>;
L_0x7f8cf7443e40 .functor NOT 1, L_0x7f8cf7442c10, C4<0>, C4<0>, C4<0>;
L_0x7f8cf7443420 .functor AND 1, L_0x7f8cf7443e40, L_0x7f8cf7444020, C4<1>, C4<1>;
L_0x7f8cf74441c0 .functor NOT 1, L_0x7f8cf7442c10, C4<0>, C4<0>, C4<0>;
L_0x7f8cf7444430 .functor OR 1, L_0x7f8cf74442b0, L_0x7f8cf7444390, C4<0>, C4<0>;
L_0x7f8cf7444720 .functor OR 1, L_0x7f8cf7444430, L_0x7f8cf7444640, C4<0>, C4<0>;
L_0x7f8cf7444860 .functor AND 1, L_0x7f8cf74441c0, L_0x7f8cf7444720, C4<1>, C4<1>;
L_0x7f8cf7444a90 .functor OR 1, L_0x7f8cf7444b00, L_0x7f8cf7444c00, C4<0>, C4<0>;
v0x7f8cf742e5f0_0 .net "ALUOp_o", 1 0, L_0x7f8cf74449b0;  alias, 1 drivers
v0x7f8cf742e690_0 .net "ALUSrc_o", 0 0, L_0x7f8cf74435e0;  alias, 1 drivers
v0x7f8cf742e730_0 .net "Branch_o", 0 0, L_0x7f8cf7443d50;  alias, 1 drivers
v0x7f8cf742e7c0_0 .net "Jump_o", 0 0, L_0x7f8cf7443420;  alias, 1 drivers
v0x7f8cf742e860_0 .net "MemRd_o", 0 0, L_0x7f8cf7443860;  alias, 1 drivers
v0x7f8cf742e940_0 .net "MemWr_o", 0 0, L_0x7f8cf7443ab0;  alias, 1 drivers
v0x7f8cf742e9e0_0 .net "MemtoReg_o", 0 0, o0x10ed06818;  alias, 0 drivers
v0x7f8cf742ea80_0 .net "NoOp_i", 0 0, L_0x7f8cf7442c10;  alias, 1 drivers
v0x7f8cf742eb20_0 .net "Op_i", 5 0, L_0x7f8cf7444e80;  1 drivers
v0x7f8cf742ec30_0 .net "RegDst_o", 0 0, L_0x7f8cf7442e50;  alias, 1 drivers
v0x7f8cf742ecd0_0 .net "RegWrite_o", 0 0, L_0x7f8cf7444860;  alias, 1 drivers
v0x7f8cf742ed70_0 .net *"_s0", 0 0, L_0x7f8cf7442d00;  1 drivers
L_0x10ed38200 .functor BUFT 1, C4<001000>, C4<0>, C4<0>, C4<0>;
v0x7f8cf742ee20_0 .net/2u *"_s10", 5 0, L_0x10ed38200;  1 drivers
v0x7f8cf742eed0_0 .net *"_s12", 0 0, L_0x7f8cf7443030;  1 drivers
L_0x10ed38248 .functor BUFT 1, C4<100011>, C4<0>, C4<0>, C4<0>;
v0x7f8cf742ef70_0 .net/2u *"_s14", 5 0, L_0x10ed38248;  1 drivers
v0x7f8cf742f020_0 .net *"_s16", 0 0, L_0x7f8cf74431d0;  1 drivers
v0x7f8cf742f0c0_0 .net *"_s18", 0 0, L_0x7f8cf7443270;  1 drivers
L_0x10ed381b8 .functor BUFT 1, C4<000000>, C4<0>, C4<0>, C4<0>;
v0x7f8cf742f250_0 .net/2u *"_s2", 5 0, L_0x10ed381b8;  1 drivers
L_0x10ed38290 .functor BUFT 1, C4<101011>, C4<0>, C4<0>, C4<0>;
v0x7f8cf770e5d0_0 .net/2u *"_s20", 5 0, L_0x10ed38290;  1 drivers
v0x7f8cf770fe60_0 .net *"_s22", 0 0, L_0x7f8cf7443380;  1 drivers
v0x7f8cf7710800_0 .net *"_s24", 0 0, L_0x7f8cf74434a0;  1 drivers
v0x7f8cf770fd50_0 .net *"_s28", 0 0, L_0x7f8cf74436d0;  1 drivers
L_0x10ed382d8 .functor BUFT 1, C4<100011>, C4<0>, C4<0>, C4<0>;
v0x7f8cf770e9c0_0 .net/2u *"_s30", 5 0, L_0x10ed382d8;  1 drivers
v0x7f8cf77011e0_0 .net *"_s32", 0 0, L_0x7f8cf7443780;  1 drivers
v0x7f8cf770c620_0 .net *"_s36", 0 0, L_0x7f8cf7443950;  1 drivers
L_0x10ed38320 .functor BUFT 1, C4<101011>, C4<0>, C4<0>, C4<0>;
v0x7f8cf770c6b0_0 .net/2u *"_s38", 5 0, L_0x10ed38320;  1 drivers
v0x7f8cf7710d30_0 .net *"_s4", 0 0, L_0x7f8cf7442d70;  1 drivers
v0x7f8cf7710dc0_0 .net *"_s40", 0 0, L_0x7f8cf7443a10;  1 drivers
v0x7f8cf7710a90_0 .net *"_s44", 0 0, L_0x7f8cf7443ba0;  1 drivers
L_0x10ed38368 .functor BUFT 1, C4<000100>, C4<0>, C4<0>, C4<0>;
v0x7f8cf7710b20_0 .net/2u *"_s46", 5 0, L_0x10ed38368;  1 drivers
v0x7f8cf770d160_0 .net *"_s48", 0 0, L_0x7f8cf7443c70;  1 drivers
v0x7f8cf770d1f0_0 .net *"_s52", 0 0, L_0x7f8cf7443e40;  1 drivers
L_0x10ed383b0 .functor BUFT 1, C4<000010>, C4<0>, C4<0>, C4<0>;
v0x7f8cf7700630_0 .net/2u *"_s54", 5 0, L_0x10ed383b0;  1 drivers
v0x7f8cf77006c0_0 .net *"_s56", 0 0, L_0x7f8cf7444020;  1 drivers
v0x7f8cf770f6c0_0 .net *"_s60", 0 0, L_0x7f8cf74441c0;  1 drivers
L_0x10ed383f8 .functor BUFT 1, C4<000000>, C4<0>, C4<0>, C4<0>;
v0x7f8cf770f750_0 .net/2u *"_s62", 5 0, L_0x10ed383f8;  1 drivers
v0x7f8cf77102f0_0 .net *"_s64", 0 0, L_0x7f8cf74442b0;  1 drivers
L_0x10ed38440 .functor BUFT 1, C4<001000>, C4<0>, C4<0>, C4<0>;
v0x7f8cf7710380_0 .net/2u *"_s66", 5 0, L_0x10ed38440;  1 drivers
v0x7f8cf770db30_0 .net *"_s68", 0 0, L_0x7f8cf7444390;  1 drivers
v0x7f8cf770dbc0_0 .net *"_s70", 0 0, L_0x7f8cf7444430;  1 drivers
L_0x10ed38488 .functor BUFT 1, C4<100011>, C4<0>, C4<0>, C4<0>;
v0x7f8cf7702490_0 .net/2u *"_s72", 5 0, L_0x10ed38488;  1 drivers
v0x7f8cf7702520_0 .net *"_s74", 0 0, L_0x7f8cf7444640;  1 drivers
v0x7f8cf7702130_0 .net *"_s76", 0 0, L_0x7f8cf7444720;  1 drivers
v0x7f8cf77021c0_0 .net *"_s8", 0 0, L_0x7f8cf7442f40;  1 drivers
L_0x10ed384d0 .functor BUFT 1, C4<000000>, C4<0>, C4<0>, C4<0>;
v0x7f8cf7701df0_0 .net/2u *"_s82", 5 0, L_0x10ed384d0;  1 drivers
v0x7f8cf7701e80_0 .net *"_s84", 0 0, L_0x7f8cf7444910;  1 drivers
L_0x10ed38518 .functor BUFT 1, C4<000000>, C4<0>, C4<0>, C4<0>;
v0x7f8cf7701ac0_0 .net/2u *"_s89", 5 0, L_0x10ed38518;  1 drivers
v0x7f8cf7701b50_0 .net *"_s91", 0 0, L_0x7f8cf7444b00;  1 drivers
L_0x10ed38560 .functor BUFT 1, C4<000100>, C4<0>, C4<0>, C4<0>;
v0x7f8cf7703210_0 .net/2u *"_s93", 5 0, L_0x10ed38560;  1 drivers
v0x7f8cf77032a0_0 .net *"_s95", 0 0, L_0x7f8cf7444c00;  1 drivers
v0x7f8cf7702eb0_0 .net *"_s97", 0 0, L_0x7f8cf7444a90;  1 drivers
L_0x7f8cf7442d70 .cmp/eq 6, L_0x7f8cf7444e80, L_0x10ed381b8;
L_0x7f8cf7443030 .cmp/eq 6, L_0x7f8cf7444e80, L_0x10ed38200;
L_0x7f8cf74431d0 .cmp/eq 6, L_0x7f8cf7444e80, L_0x10ed38248;
L_0x7f8cf7443380 .cmp/eq 6, L_0x7f8cf7444e80, L_0x10ed38290;
L_0x7f8cf7443780 .cmp/eq 6, L_0x7f8cf7444e80, L_0x10ed382d8;
L_0x7f8cf7443a10 .cmp/eq 6, L_0x7f8cf7444e80, L_0x10ed38320;
L_0x7f8cf7443c70 .cmp/eq 6, L_0x7f8cf7444e80, L_0x10ed38368;
L_0x7f8cf7444020 .cmp/eq 6, L_0x7f8cf7444e80, L_0x10ed383b0;
L_0x7f8cf74442b0 .cmp/eq 6, L_0x7f8cf7444e80, L_0x10ed383f8;
L_0x7f8cf7444390 .cmp/eq 6, L_0x7f8cf7444e80, L_0x10ed38440;
L_0x7f8cf7444640 .cmp/eq 6, L_0x7f8cf7444e80, L_0x10ed38488;
L_0x7f8cf7444910 .cmp/eq 6, L_0x7f8cf7444e80, L_0x10ed384d0;
L_0x7f8cf74449b0 .concat8 [ 1 1 0 0], L_0x7f8cf7444a90, L_0x7f8cf7444910;
L_0x7f8cf7444b00 .cmp/eq 6, L_0x7f8cf7444e80, L_0x10ed38518;
L_0x7f8cf7444c00 .cmp/eq 6, L_0x7f8cf7444e80, L_0x10ed38560;
S_0x7f8cf7702b50 .scope module, "Data_Memory" "Data_Memory" 2 255, 7 1 0, S_0x7f8cf7414540;
 .timescale 0 0;
    .port_info 0 /INPUT 32 "addr_i"
    .port_info 1 /INPUT 1 "MemWrite_i"
    .port_info 2 /INPUT 32 "data_i"
    .port_info 3 /OUTPUT 32 "data_o"
L_0x7f8cf744a450 .functor BUFZ 32, L_0x7f8cf744a190, C4<00000000000000000000000000000000>, C4<00000000000000000000000000000000>, C4<00000000000000000000000000000000>;
o0x10ed07298 .functor BUFZ 1, C4<z>; HiZ drive
v0x7f8cf7702f40_0 .net "MemWrite_i", 0 0, o0x10ed07298;  0 drivers
v0x7f8cf7701760_0 .net *"_s0", 31 0, L_0x7f8cf744a190;  1 drivers
v0x7f8cf77017f0_0 .net *"_s2", 31 0, L_0x7f8cf744a2d0;  1 drivers
v0x7f8cf770d7d0_0 .net *"_s4", 29 0, L_0x7f8cf744a230;  1 drivers
L_0x10ed38c68 .functor BUFT 1, C4<00>, C4<0>, C4<0>, C4<0>;
v0x7f8cf770d860_0 .net *"_s6", 1 0, L_0x10ed38c68;  1 drivers
v0x7f8cf742f150_0 .net "addr_i", 31 0, v0x7f8cf742f950_0;  alias, 1 drivers
o0x10ed073b8 .functor BUFZ 32, C4<zzzzzzzzzzzzzzzzzzzzzzzzzzzzzzzz>; HiZ drive
v0x7f8cf742f2e0_0 .net "data_i", 31 0, o0x10ed073b8;  0 drivers
v0x7f8cf742f370_0 .net8 "data_o", 31 0, RS_0x10ed073e8;  alias, 2 drivers
v0x7f8cf742f400 .array "memory", 1023 0, 31 0;
E_0x7f8cf7702cb0 .event edge, v0x7f8cf742f150_0, v0x7f8cf7702f40_0, v0x7f8cf742f2e0_0;
L_0x7f8cf744a190 .array/port v0x7f8cf742f400, L_0x7f8cf744a2d0;
L_0x7f8cf744a230 .part v0x7f8cf742f950_0, 2, 30;
L_0x7f8cf744a2d0 .concat [ 30 2 0 0], L_0x7f8cf744a230, L_0x10ed38c68;
S_0x7f8cf742f510 .scope module, "EX_MEM" "EX_MEM" 2 217, 8 1 0, S_0x7f8cf7414540;
 .timescale 0 0;
    .port_info 0 /INPUT 1 "clk_i"
    .port_info 1 /INPUT 1 "MemRd_i"
    .port_info 2 /INPUT 1 "MemWr_i"
    .port_info 3 /INPUT 1 "Branch_i"
    .port_info 4 /INPUT 1 "MemtoReg_i"
    .port_info 5 /INPUT 1 "RegWrite_i"
    .port_info 6 /INPUT 32 "ALUResult_i"
    .port_info 7 /INPUT 32 "MemData_i"
    .port_info 8 /INPUT 5 "WriteReg_i"
    .port_info 9 /INPUT 5 "Rt_i"
    .port_info 10 /OUTPUT 1 "MemRd_o"
    .port_info 11 /OUTPUT 1 "MemWr_o"
    .port_info 12 /OUTPUT 1 "Branch_o"
    .port_info 13 /OUTPUT 1 "MemtoReg_o"
    .port_info 14 /OUTPUT 1 "RegWrite_o"
    .port_info 15 /OUTPUT 32 "ALUResult_o"
    .port_info 16 /OUTPUT 32 "MemData_o"
    .port_info 17 /OUTPUT 5 "WriteReg_o"
    .port_info 18 /OUTPUT 5 "Rt_o"
L_0x7f8cf74480d0 .functor BUFZ 1, v0x7f8cf742fff0_0, C4<0>, C4<0>, C4<0>;
L_0x7f8cf7448140 .functor BUFZ 1, v0x7f8cf74301a0_0, C4<0>, C4<0>, C4<0>;
L_0x7f8cf74481b0 .functor BUFZ 1, L_0x7f8cf74481b0, C4<0>, C4<0>, C4<0>;
L_0x7f8cf7448220 .functor BUFZ 1, v0x7f8cf7430350_0, C4<0>, C4<0>, C4<0>;
L_0x7f8cf7448680 .functor BUFZ 5, v0x7f8cf7430810_0, C4<00000>, C4<00000>, C4<00000>;
v0x7f8cf742f950_0 .var "ALUResult", 31 0;
v0x7f8cf742fa10_0 .net "ALUResult_i", 31 0, L_0x7f8cf7447dd0;  alias, 1 drivers
v0x7f8cf742fab0_0 .net "ALUResult_o", 31 0, v0x7f8cf742f950_0;  alias, 1 drivers
v0x7f8cf742fb60_0 .var "Branch", 0 0;
o0x10ed07538 .functor BUFZ 1, C4<z>; HiZ drive
v0x7f8cf742fbf0_0 .net "Branch_i", 0 0, o0x10ed07538;  0 drivers
v0x7f8cf742fcc0_0 .net "Branch_o", 0 0, L_0x7f8cf74481b0;  1 drivers
v0x7f8cf742fd60_0 .var "MemData", 31 0;
v0x7f8cf742fe10_0 .net "MemData_i", 31 0, v0x7f8cf7434480_0;  alias, 1 drivers
v0x7f8cf742fec0_0 .net8 "MemData_o", 31 0, RS_0x10ed073e8;  alias, 2 drivers
v0x7f8cf742fff0_0 .var "MemRd", 0 0;
v0x7f8cf7430080_0 .net "MemRd_i", 0 0, v0x7f8cf74346a0_0;  alias, 1 drivers
v0x7f8cf7430110_0 .net "MemRd_o", 0 0, L_0x7f8cf74480d0;  alias, 1 drivers
v0x7f8cf74301a0_0 .var "MemWr", 0 0;
v0x7f8cf7430230_0 .net "MemWr_i", 0 0, L_0x7f8cf7445e10;  alias, 1 drivers
v0x7f8cf74302c0_0 .net "MemWr_o", 0 0, L_0x7f8cf7448140;  alias, 1 drivers
v0x7f8cf7430350_0 .var "MemtoReg", 0 0;
v0x7f8cf74303f0_0 .net "MemtoReg_i", 0 0, L_0x7f8cf7445f80;  alias, 1 drivers
v0x7f8cf7430590_0 .net "MemtoReg_o", 0 0, L_0x7f8cf7448220;  alias, 1 drivers
v0x7f8cf7430630_0 .var "RegWrite", 0 0;
v0x7f8cf74306d0_0 .net "RegWrite_i", 0 0, L_0x7f8cf7445ff0;  alias, 1 drivers
v0x7f8cf7430770_0 .net "RegWrite_o", 0 0, v0x7f8cf7430630_0;  alias, 1 drivers
v0x7f8cf7430810_0 .var "Rt", 4 0;
v0x7f8cf74308c0_0 .net "Rt_i", 4 0, v0x7f8cf7435570_0;  alias, 1 drivers
v0x7f8cf7430970_0 .net "Rt_o", 4 0, L_0x7f8cf7448680;  alias, 1 drivers
v0x7f8cf7430a20_0 .var "WriteReg", 4 0;
v0x7f8cf7430ad0_0 .net "WriteReg_i", 4 0, L_0x7f8cf74469c0;  alias, 1 drivers
v0x7f8cf7430b80_0 .net "WriteReg_o", 4 0, v0x7f8cf7430a20_0;  alias, 1 drivers
v0x7f8cf7430c30_0 .net "clk_i", 0 0, o0x10ed07958;  alias, 0 drivers
E_0x7f8cf742e4b0 .event posedge, v0x7f8cf7430c30_0;
S_0x7f8cf7430ea0 .scope module, "Forwarding" "Forwarding" 2 240, 9 1 0, S_0x7f8cf7414540;
 .timescale 0 0;
    .port_info 0 /INPUT 1 "EX_MEM_RegWrite_i"
    .port_info 1 /INPUT 5 "EX_MEM_Rd_i"
    .port_info 2 /INPUT 1 "MEM_WB_RegWrite_i"
    .port_info 3 /INPUT 5 "MEM_WB_Rd_i"
    .port_info 4 /INPUT 5 "ID_EX_Rs_i"
    .port_info 5 /INPUT 5 "ID_EX_Rt_i"
    .port_info 6 /OUTPUT 2 "ForwardA_o"
    .port_info 7 /OUTPUT 2 "ForwardB_o"
L_0x7f8cf7448960 .functor AND 1, v0x7f8cf7430630_0, L_0x7f8cf7448840, C4<1>, C4<1>;
L_0x7f8cf7448b50 .functor AND 1, L_0x7f8cf7448960, L_0x7f8cf7448a10, C4<1>, C4<1>;
L_0x7f8cf7448eb0 .functor AND 1, v0x7f8cf7430630_0, L_0x7f8cf7448d40, C4<1>, C4<1>;
L_0x7f8cf7449100 .functor AND 1, L_0x7f8cf7448eb0, L_0x7f8cf7448f60, C4<1>, C4<1>;
L_0x7f8cf7449580 .functor AND 1, v0x7f8cf7438a30_0, L_0x7f8cf74493f0, C4<1>, C4<1>;
L_0x7f8cf7449710 .functor AND 1, L_0x7f8cf7449580, L_0x7f8cf7449670, C4<1>, C4<1>;
L_0x7f8cf7449920 .functor AND 1, L_0x7f8cf7449710, L_0x7f8cf7449820, C4<1>, C4<1>;
L_0x7f8cf7449d40 .functor AND 1, v0x7f8cf7438a30_0, L_0x7f8cf7449c60, C4<1>, C4<1>;
L_0x7f8cf7449bb0 .functor AND 1, L_0x7f8cf7449d40, L_0x7f8cf7449df0, C4<1>, C4<1>;
L_0x7f8cf744a0a0 .functor AND 1, L_0x7f8cf7449bb0, L_0x7f8cf744a000, C4<1>, C4<1>;
v0x7f8cf7431100_0 .net "EX_MEM_Rd_i", 4 0, v0x7f8cf7430a20_0;  alias, 1 drivers
v0x7f8cf742f6c0_0 .net "EX_MEM_RegWrite_i", 0 0, v0x7f8cf7430630_0;  alias, 1 drivers
v0x7f8cf74311d0_0 .net "ForwardA_o", 1 0, L_0x7f8cf7449190;  alias, 1 drivers
v0x7f8cf7431280_0 .net "ForwardB_o", 1 0, L_0x7f8cf7449a10;  alias, 1 drivers
v0x7f8cf7431310_0 .net "ID_EX_Rs_i", 4 0, v0x7f8cf74347e0_0;  alias, 1 drivers
v0x7f8cf74313f0_0 .net "ID_EX_Rt_i", 4 0, v0x7f8cf7435570_0;  alias, 1 drivers
v0x7f8cf7431490_0 .net "MEM_WB_Rd_i", 4 0, v0x7f8cf7438840_0;  alias, 1 drivers
v0x7f8cf7431530_0 .net "MEM_WB_RegWrite_i", 0 0, v0x7f8cf7438a30_0;  alias, 1 drivers
v0x7f8cf74315d0_0 .net *"_s10", 0 0, L_0x7f8cf7448960;  1 drivers
v0x7f8cf74316f0_0 .net *"_s12", 0 0, L_0x7f8cf7448a10;  1 drivers
v0x7f8cf7431790_0 .net *"_s14", 0 0, L_0x7f8cf7448b50;  1 drivers
v0x7f8cf7431830_0 .net *"_s18", 31 0, L_0x7f8cf7448c40;  1 drivers
v0x7f8cf74318e0_0 .net *"_s2", 31 0, L_0x7f8cf7448740;  1 drivers
L_0x10ed38ab8 .functor BUFT 1, C4<000000000000000000000000000>, C4<0>, C4<0>, C4<0>;
v0x7f8cf7431990_0 .net *"_s21", 26 0, L_0x10ed38ab8;  1 drivers
L_0x10ed38b00 .functor BUFT 1, C4<00000000000000000000000000000000>, C4<0>, C4<0>, C4<0>;
v0x7f8cf7431a40_0 .net/2u *"_s22", 31 0, L_0x10ed38b00;  1 drivers
v0x7f8cf7431af0_0 .net *"_s24", 0 0, L_0x7f8cf7448d40;  1 drivers
v0x7f8cf7431b90_0 .net *"_s26", 0 0, L_0x7f8cf7448eb0;  1 drivers
v0x7f8cf7431d20_0 .net *"_s28", 0 0, L_0x7f8cf7448f60;  1 drivers
v0x7f8cf7431db0_0 .net *"_s30", 0 0, L_0x7f8cf7449100;  1 drivers
v0x7f8cf7431e40_0 .net *"_s35", 31 0, L_0x7f8cf74492b0;  1 drivers
L_0x10ed38b48 .functor BUFT 1, C4<000000000000000000000000000>, C4<0>, C4<0>, C4<0>;
v0x7f8cf7431ee0_0 .net *"_s38", 26 0, L_0x10ed38b48;  1 drivers
L_0x10ed38b90 .functor BUFT 1, C4<00000000000000000000000000000000>, C4<0>, C4<0>, C4<0>;
v0x7f8cf7431f90_0 .net/2u *"_s39", 31 0, L_0x10ed38b90;  1 drivers
v0x7f8cf7432040_0 .net *"_s41", 0 0, L_0x7f8cf74493f0;  1 drivers
v0x7f8cf74320e0_0 .net *"_s43", 0 0, L_0x7f8cf7449580;  1 drivers
v0x7f8cf7432180_0 .net *"_s45", 0 0, L_0x7f8cf7449670;  1 drivers
v0x7f8cf7432220_0 .net *"_s47", 0 0, L_0x7f8cf7449710;  1 drivers
v0x7f8cf74322c0_0 .net *"_s49", 0 0, L_0x7f8cf7449820;  1 drivers
L_0x10ed38a28 .functor BUFT 1, C4<000000000000000000000000000>, C4<0>, C4<0>, C4<0>;
v0x7f8cf7432360_0 .net *"_s5", 26 0, L_0x10ed38a28;  1 drivers
v0x7f8cf7432410_0 .net *"_s51", 0 0, L_0x7f8cf7449920;  1 drivers
v0x7f8cf74324b0_0 .net *"_s56", 31 0, L_0x7f8cf7449af0;  1 drivers
L_0x10ed38bd8 .functor BUFT 1, C4<000000000000000000000000000>, C4<0>, C4<0>, C4<0>;
v0x7f8cf7432560_0 .net *"_s59", 26 0, L_0x10ed38bd8;  1 drivers
L_0x10ed38a70 .functor BUFT 1, C4<00000000000000000000000000000000>, C4<0>, C4<0>, C4<0>;
v0x7f8cf7432610_0 .net/2u *"_s6", 31 0, L_0x10ed38a70;  1 drivers
L_0x10ed38c20 .functor BUFT 1, C4<00000000000000000000000000000000>, C4<0>, C4<0>, C4<0>;
v0x7f8cf74326c0_0 .net/2u *"_s60", 31 0, L_0x10ed38c20;  1 drivers
v0x7f8cf7431c40_0 .net *"_s62", 0 0, L_0x7f8cf7449c60;  1 drivers
v0x7f8cf7432950_0 .net *"_s64", 0 0, L_0x7f8cf7449d40;  1 drivers
v0x7f8cf74329e0_0 .net *"_s66", 0 0, L_0x7f8cf7449df0;  1 drivers
v0x7f8cf7432a70_0 .net *"_s68", 0 0, L_0x7f8cf7449bb0;  1 drivers
v0x7f8cf7432b00_0 .net *"_s70", 0 0, L_0x7f8cf744a000;  1 drivers
v0x7f8cf7432b90_0 .net *"_s72", 0 0, L_0x7f8cf744a0a0;  1 drivers
v0x7f8cf7432c30_0 .net *"_s8", 0 0, L_0x7f8cf7448840;  1 drivers
L_0x7f8cf7448740 .concat [ 5 27 0 0], v0x7f8cf7430a20_0, L_0x10ed38a28;
L_0x7f8cf7448840 .cmp/ne 32, L_0x7f8cf7448740, L_0x10ed38a70;
L_0x7f8cf7448a10 .cmp/eq 5, v0x7f8cf7430a20_0, v0x7f8cf74347e0_0;
L_0x7f8cf7448c40 .concat [ 5 27 0 0], v0x7f8cf7430a20_0, L_0x10ed38ab8;
L_0x7f8cf7448d40 .cmp/ne 32, L_0x7f8cf7448c40, L_0x10ed38b00;
L_0x7f8cf7448f60 .cmp/eq 5, v0x7f8cf7430a20_0, v0x7f8cf7435570_0;
L_0x7f8cf7449190 .concat8 [ 1 1 0 0], L_0x7f8cf7449920, L_0x7f8cf7448b50;
L_0x7f8cf74492b0 .concat [ 5 27 0 0], v0x7f8cf7438840_0, L_0x10ed38b48;
L_0x7f8cf74493f0 .cmp/ne 32, L_0x7f8cf74492b0, L_0x10ed38b90;
L_0x7f8cf7449670 .cmp/ne 5, v0x7f8cf7430a20_0, v0x7f8cf74347e0_0;
L_0x7f8cf7449820 .cmp/eq 5, v0x7f8cf7438840_0, v0x7f8cf74347e0_0;
L_0x7f8cf7449a10 .concat8 [ 1 1 0 0], L_0x7f8cf744a0a0, L_0x7f8cf7449100;
L_0x7f8cf7449af0 .concat [ 5 27 0 0], v0x7f8cf7438840_0, L_0x10ed38bd8;
L_0x7f8cf7449c60 .cmp/ne 32, L_0x7f8cf7449af0, L_0x10ed38c20;
L_0x7f8cf7449df0 .cmp/ne 5, v0x7f8cf7430a20_0, v0x7f8cf7435570_0;
L_0x7f8cf744a000 .cmp/eq 5, v0x7f8cf7438840_0, v0x7f8cf7435570_0;
S_0x7f8cf7432d90 .scope module, "Hazard_Detection" "Hazard_Detection" 2 94, 10 1 0, S_0x7f8cf7414540;
 .timescale 0 0;
    .port_info 0 /INPUT 1 "ID_EX_MemRd_i"
    .port_info 1 /INPUT 5 "ID_EX_Rt_i"
    .port_info 2 /INPUT 5 "IF_ID_Rs_i"
    .port_info 3 /INPUT 5 "IF_ID_Rt_i"
    .port_info 4 /OUTPUT 1 "Stall_o"
    .port_info 5 /OUTPUT 1 "PCWrite_o"
L_0x7f8cf7442700 .functor OR 1, L_0x7f8cf74425a0, L_0x7f8cf7442640, C4<0>, C4<0>;
L_0x7f8cf7442830 .functor AND 1, v0x7f8cf74346a0_0, L_0x7f8cf7442700, C4<1>, C4<1>;
L_0x7f8cf7442960 .functor NOT 1, L_0x7f8cf7442830, C4<0>, C4<0>, C4<0>;
v0x7f8cf7433000_0 .net "ID_EX_MemRd_i", 0 0, v0x7f8cf74346a0_0;  alias, 1 drivers
v0x7f8cf7433090_0 .net "ID_EX_Rt_i", 4 0, v0x7f8cf7435570_0;  alias, 1 drivers
v0x7f8cf7433120_0 .net "IF_ID_Rs_i", 4 0, L_0x7f8cf74429d0;  1 drivers
v0x7f8cf74331b0_0 .net "IF_ID_Rt_i", 4 0, L_0x7f8cf7442ab0;  1 drivers
v0x7f8cf7433260_0 .net "PCWrite_o", 0 0, L_0x7f8cf7442960;  alias, 1 drivers
v0x7f8cf7433340_0 .net "Stall_o", 0 0, L_0x7f8cf7442830;  alias, 1 drivers
v0x7f8cf74333e0_0 .net *"_s0", 0 0, L_0x7f8cf74425a0;  1 drivers
v0x7f8cf7433480_0 .net *"_s2", 0 0, L_0x7f8cf7442640;  1 drivers
v0x7f8cf7433520_0 .net *"_s4", 0 0, L_0x7f8cf7442700;  1 drivers
L_0x7f8cf74425a0 .cmp/eq 5, v0x7f8cf7435570_0, L_0x7f8cf74429d0;
L_0x7f8cf7442640 .cmp/eq 5, v0x7f8cf7435570_0, L_0x7f8cf7442ab0;
S_0x7f8cf74336b0 .scope module, "ID_EX" "ID_EX" 2 137, 11 1 0, S_0x7f8cf7414540;
 .timescale 0 0;
    .port_info 0 /INPUT 1 "clk_i"
    .port_info 1 /INPUT 1 "ALUSrc_i"
    .port_info 2 /INPUT 2 "ALUOp_i"
    .port_info 3 /INPUT 1 "RegDst_i"
    .port_info 4 /INPUT 1 "MemRd_i"
    .port_info 5 /INPUT 1 "MemWr_i"
    .port_info 6 /INPUT 1 "Branch_i"
    .port_info 7 /INPUT 1 "MemtoReg_i"
    .port_info 8 /INPUT 1 "RegWrite_i"
    .port_info 9 /INPUT 32 "Data1_i"
    .port_info 10 /INPUT 32 "Data2_i"
    .port_info 11 /INPUT 5 "Rs_i"
    .port_info 12 /INPUT 5 "Rt_i"
    .port_info 13 /INPUT 5 "Rd_i"
    .port_info 14 /INPUT 32 "imm_i"
    .port_info 15 /INPUT 6 "funct_i"
    .port_info 16 /OUTPUT 1 "ALUSrc_o"
    .port_info 17 /OUTPUT 2 "ALUOp_o"
    .port_info 18 /OUTPUT 1 "RegDst_o"
    .port_info 19 /OUTPUT 1 "MemRd_o"
    .port_info 20 /OUTPUT 1 "MemWr_o"
    .port_info 21 /OUTPUT 1 "Branch_o"
    .port_info 22 /OUTPUT 1 "MemtoReg_o"
    .port_info 23 /OUTPUT 1 "RegWrite_o"
    .port_info 24 /OUTPUT 32 "Data1_o"
    .port_info 25 /OUTPUT 32 "Data2_o"
    .port_info 26 /OUTPUT 5 "Rs_o"
    .port_info 27 /OUTPUT 5 "Rt_o"
    .port_info 28 /OUTPUT 5 "Rd_o"
    .port_info 29 /OUTPUT 32 "imm_o"
    .port_info 30 /OUTPUT 6 "funct_o"
L_0x7f8cf7445e10 .functor BUFZ 1, v0x7f8cf7434950_0, C4<0>, C4<0>, C4<0>;
L_0x7f8cf7445ea0 .functor BUFZ 1, v0x7f8cf7434030_0, C4<0>, C4<0>, C4<0>;
L_0x7f8cf7445f80 .functor BUFZ 1, v0x7f8cf7434b00_0, C4<0>, C4<0>, C4<0>;
L_0x7f8cf7445ff0 .functor BUFZ 1, v0x7f8cf7435070_0, C4<0>, C4<0>, C4<0>;
L_0x7f8cf74460c0 .functor BUFZ 2, v0x7f8cf7433c50_0, C4<00>, C4<00>, C4<00>;
L_0x7f8cf7446620 .functor BUFZ 6, v0x7f8cf7435810_0, C4<000000>, C4<000000>, C4<000000>;
v0x7f8cf7433c50_0 .var "ALUOp", 1 0;
v0x7f8cf7433ce0_0 .net "ALUOp_i", 1 0, L_0x7f8cf74449b0;  alias, 1 drivers
v0x7f8cf7433d70_0 .net "ALUOp_o", 1 0, L_0x7f8cf74460c0;  alias, 1 drivers
v0x7f8cf7433e40_0 .var "ALUSrc", 0 0;
v0x7f8cf7433ed0_0 .net "ALUSrc_i", 0 0, L_0x7f8cf74435e0;  alias, 1 drivers
v0x7f8cf7433fa0_0 .net "ALUSrc_o", 0 0, v0x7f8cf7433e40_0;  alias, 1 drivers
v0x7f8cf7434030_0 .var "Branch", 0 0;
o0x10ed088b8 .functor BUFZ 1, C4<z>; HiZ drive
v0x7f8cf74340c0_0 .net "Branch_i", 0 0, o0x10ed088b8;  0 drivers
v0x7f8cf7434150_0 .net "Branch_o", 0 0, L_0x7f8cf7445ea0;  1 drivers
v0x7f8cf7434270_0 .var "Data1", 31 0;
v0x7f8cf7434320_0 .net "Data1_i", 31 0, L_0x7f8cf74450a0;  alias, 1 drivers
v0x7f8cf74343d0_0 .net "Data1_o", 31 0, v0x7f8cf7434270_0;  alias, 1 drivers
v0x7f8cf7434480_0 .var "Data2", 31 0;
v0x7f8cf7434530_0 .net "Data2_i", 31 0, L_0x7f8cf7445350;  alias, 1 drivers
v0x7f8cf74345e0_0 .net "Data2_o", 31 0, v0x7f8cf7434480_0;  alias, 1 drivers
v0x7f8cf74346a0_0 .var "MemRd", 0 0;
v0x7f8cf7434730_0 .net "MemRd_i", 0 0, L_0x7f8cf7443860;  alias, 1 drivers
v0x7f8cf74348c0_0 .net "MemRd_o", 0 0, v0x7f8cf74346a0_0;  alias, 1 drivers
v0x7f8cf7434950_0 .var "MemWr", 0 0;
v0x7f8cf74349e0_0 .net "MemWr_i", 0 0, L_0x7f8cf7443ab0;  alias, 1 drivers
v0x7f8cf7434a70_0 .net "MemWr_o", 0 0, L_0x7f8cf7445e10;  alias, 1 drivers
v0x7f8cf7434b00_0 .var "MemtoReg", 0 0;
v0x7f8cf7434b90_0 .net "MemtoReg_i", 0 0, o0x10ed06818;  alias, 0 drivers
v0x7f8cf7434c20_0 .net "MemtoReg_o", 0 0, L_0x7f8cf7445f80;  alias, 1 drivers
v0x7f8cf7434cb0_0 .var "Rd", 4 0;
v0x7f8cf7434d40_0 .net "Rd_i", 4 0, L_0x7f8cf7446820;  1 drivers
v0x7f8cf7434de0_0 .net "Rd_o", 4 0, v0x7f8cf7434cb0_0;  alias, 1 drivers
v0x7f8cf7434e90_0 .var "RegDst", 0 0;
v0x7f8cf7434f30_0 .net "RegDst_i", 0 0, L_0x7f8cf7442e50;  alias, 1 drivers
v0x7f8cf7434fe0_0 .net "RegDst_o", 0 0, v0x7f8cf7434e90_0;  alias, 1 drivers
v0x7f8cf7435070_0 .var "RegWrite", 0 0;
v0x7f8cf7435110_0 .net "RegWrite_i", 0 0, L_0x7f8cf7444860;  alias, 1 drivers
v0x7f8cf74351c0_0 .net "RegWrite_o", 0 0, L_0x7f8cf7445ff0;  alias, 1 drivers
v0x7f8cf74347e0_0 .var "Rs", 4 0;
v0x7f8cf7435450_0 .net "Rs_i", 4 0, L_0x7f8cf7446690;  1 drivers
v0x7f8cf74354e0_0 .net "Rs_o", 4 0, v0x7f8cf74347e0_0;  alias, 1 drivers
v0x7f8cf7435570_0 .var "Rt", 4 0;
v0x7f8cf7435610_0 .net "Rt_i", 4 0, L_0x7f8cf7446780;  1 drivers
v0x7f8cf74356c0_0 .net "Rt_o", 4 0, v0x7f8cf7435570_0;  alias, 1 drivers
v0x7f8cf7435760_0 .net "clk_i", 0 0, o0x10ed07958;  alias, 0 drivers
v0x7f8cf7435810_0 .var "funct", 5 0;
v0x7f8cf74358b0_0 .net "funct_i", 5 0, L_0x7f8cf7446920;  1 drivers
v0x7f8cf7435960_0 .net "funct_o", 5 0, L_0x7f8cf7446620;  alias, 1 drivers
v0x7f8cf7435a20_0 .var "imm", 31 0;
v0x7f8cf7435ac0_0 .net "imm_i", 31 0, L_0x7f8cf7445890;  alias, 1 drivers
v0x7f8cf7435b70_0 .net "imm_o", 31 0, v0x7f8cf7435a20_0;  alias, 1 drivers
S_0x7f8cf7435f10 .scope module, "ID_Registers" "Registers" 2 120, 12 1 0, S_0x7f8cf7414540;
 .timescale 0 0;
    .port_info 0 /INPUT 1 "clk_i"
    .port_info 1 /INPUT 5 "RSaddr_i"
    .port_info 2 /INPUT 5 "RTaddr_i"
    .port_info 3 /INPUT 5 "RDaddr_i"
    .port_info 4 /INPUT 32 "RDdata_i"
    .port_info 5 /INPUT 1 "RegWrite_i"
    .port_info 6 /OUTPUT 32 "RSdata_o"
    .port_info 7 /OUTPUT 32 "RTdata_o"
L_0x7f8cf74450a0 .functor BUFZ 32, L_0x7f8cf7444f20, C4<00000000000000000000000000000000>, C4<00000000000000000000000000000000>, C4<00000000000000000000000000000000>;
L_0x7f8cf7445350 .functor BUFZ 32, L_0x7f8cf7445150, C4<00000000000000000000000000000000>, C4<00000000000000000000000000000000>, C4<00000000000000000000000000000000>;
L_0x10ed38638 .functor BUFT 1, C4<xxxxx>, C4<0>, C4<0>, C4<0>;
v0x7f8cf7436130_0 .net "RDaddr_i", 4 0, L_0x10ed38638;  1 drivers
v0x7f8cf74361c0_0 .net "RDdata_i", 31 0, o0x10ed09368;  alias, 0 drivers
v0x7f8cf7436250_0 .net "RSaddr_i", 4 0, L_0x7f8cf7445400;  1 drivers
v0x7f8cf74362f0_0 .net "RSdata_o", 31 0, L_0x7f8cf74450a0;  alias, 1 drivers
v0x7f8cf74363b0_0 .net "RTaddr_i", 4 0, L_0x7f8cf74454e0;  1 drivers
v0x7f8cf7436490_0 .net "RTdata_o", 31 0, L_0x7f8cf7445350;  alias, 1 drivers
L_0x10ed38680 .functor BUFT 1, C4<0>, C4<0>, C4<0>, C4<0>;
v0x7f8cf7436530_0 .net "RegWrite_i", 0 0, L_0x10ed38680;  1 drivers
v0x7f8cf74365c0_0 .net *"_s0", 31 0, L_0x7f8cf7444f20;  1 drivers
v0x7f8cf7436670_0 .net *"_s10", 6 0, L_0x7f8cf74451f0;  1 drivers
L_0x10ed385f0 .functor BUFT 1, C4<00>, C4<0>, C4<0>, C4<0>;
v0x7f8cf74367a0_0 .net *"_s13", 1 0, L_0x10ed385f0;  1 drivers
v0x7f8cf7436850_0 .net *"_s2", 6 0, L_0x7f8cf7444fc0;  1 drivers
L_0x10ed385a8 .functor BUFT 1, C4<00>, C4<0>, C4<0>, C4<0>;
v0x7f8cf7436900_0 .net *"_s5", 1 0, L_0x10ed385a8;  1 drivers
v0x7f8cf74369b0_0 .net *"_s8", 31 0, L_0x7f8cf7445150;  1 drivers
v0x7f8cf7436a60_0 .net "clk_i", 0 0, o0x10ed07958;  alias, 0 drivers
v0x7f8cf7436af0 .array "register", 31 0, 31 0;
L_0x7f8cf7444f20 .array/port v0x7f8cf7436af0, L_0x7f8cf7444fc0;
L_0x7f8cf7444fc0 .concat [ 5 2 0 0], L_0x7f8cf7445400, L_0x10ed385a8;
L_0x7f8cf7445150 .array/port v0x7f8cf7436af0, L_0x7f8cf74451f0;
L_0x7f8cf74451f0 .concat [ 5 2 0 0], L_0x7f8cf74454e0, L_0x10ed385f0;
S_0x7f8cf7436c50 .scope module, "IF_ID" "IF_ID" 2 80, 13 1 0, S_0x7f8cf7414540;
 .timescale 0 0;
    .port_info 0 /INPUT 1 "clk_i"
    .port_info 1 /INPUT 1 "rst_i"
    .port_info 2 /INPUT 1 "ID_Flush_i"
    .port_info 3 /INPUT 32 "PC_i"
    .port_info 4 /INPUT 32 "inst_i"
    .port_info 5 /OUTPUT 1 "ID_Flush_o"
    .port_info 6 /OUTPUT 32 "PC_o"
    .port_info 7 /OUTPUT 32 "inst_o"
L_0x7f8cf7442480 .functor BUFZ 32, v0x7f8cf74370f0_0, C4<00000000000000000000000000000000>, C4<00000000000000000000000000000000>, C4<00000000000000000000000000000000>;
v0x7f8cf7436ef0_0 .var "ID_Flush", 0 0;
v0x7f8cf7436fa0_0 .net "ID_Flush_i", 0 0, L_0x7f8cf7442260;  alias, 1 drivers
v0x7f8cf7437040_0 .net "ID_Flush_o", 0 0, v0x7f8cf7436ef0_0;  alias, 1 drivers
v0x7f8cf74370f0_0 .var "PC", 31 0;
v0x7f8cf74371a0_0 .net "PC_i", 31 0, v0x7f8cf743cd40_0;  alias, 1 drivers
v0x7f8cf7437280_0 .net "PC_o", 31 0, L_0x7f8cf7442480;  alias, 1 drivers
v0x7f8cf7437320_0 .net "clk_i", 0 0, o0x10ed07958;  alias, 0 drivers
v0x7f8cf74373b0_0 .var "inst", 31 0;
v0x7f8cf7437460_0 .net "inst_i", 31 0, L_0x7f8cf74421b0;  alias, 1 drivers
v0x7f8cf7437590_0 .net "inst_o", 31 0, v0x7f8cf74373b0_0;  alias, 1 drivers
v0x7f8cf7437640_0 .net "rst_i", 0 0, o0x10ed09848;  alias, 0 drivers
E_0x7f8cf7436ec0/0 .event negedge, v0x7f8cf7437640_0;
E_0x7f8cf7436ec0/1 .event posedge, v0x7f8cf7430c30_0;
E_0x7f8cf7436ec0 .event/or E_0x7f8cf7436ec0/0, E_0x7f8cf7436ec0/1;
S_0x7f8cf7437760 .scope module, "Instruction_Memory" "Instruction_Memory" 2 71, 14 1 0, S_0x7f8cf7414540;
 .timescale 0 0;
    .port_info 0 /INPUT 32 "addr_i"
    .port_info 1 /OUTPUT 32 "instr_o"
L_0x7f8cf74421b0 .functor BUFZ 32, L_0x7f8cf7441f50, C4<00000000000000000000000000000000>, C4<00000000000000000000000000000000>, C4<00000000000000000000000000000000>;
v0x7f8cf7437950_0 .net *"_s0", 31 0, L_0x7f8cf7441f50;  1 drivers
v0x7f8cf7437a10_0 .net *"_s2", 31 0, L_0x7f8cf7442090;  1 drivers
v0x7f8cf7437ab0_0 .net *"_s4", 29 0, L_0x7f8cf7441ff0;  1 drivers
L_0x10ed38170 .functor BUFT 1, C4<00>, C4<0>, C4<0>, C4<0>;
v0x7f8cf7437b40_0 .net *"_s6", 1 0, L_0x10ed38170;  1 drivers
v0x7f8cf7437bf0_0 .net "addr_i", 31 0, v0x7f8cf743cd40_0;  alias, 1 drivers
v0x7f8cf7437d10_0 .net "instr_o", 31 0, L_0x7f8cf74421b0;  alias, 1 drivers
v0x7f8cf7437da0 .array "memory", 255 0, 31 0;
L_0x7f8cf7441f50 .array/port v0x7f8cf7437da0, L_0x7f8cf7442090;
L_0x7f8cf7441ff0 .part v0x7f8cf743cd40_0, 2, 30;
L_0x7f8cf7442090 .concat [ 30 2 0 0], L_0x7f8cf7441ff0, L_0x10ed38170;
S_0x7f8cf7437e50 .scope module, "MEM_WB" "MEM_WB" 2 261, 15 1 0, S_0x7f8cf7414540;
 .timescale 0 0;
    .port_info 0 /INPUT 1 "clk_i"
    .port_info 1 /INPUT 1 "MemtoReg_i"
    .port_info 2 /INPUT 1 "RegWrite_i"
    .port_info 3 /INPUT 32 "ALUResult_i"
    .port_info 4 /INPUT 32 "MemData_i"
    .port_info 5 /INPUT 5 "RegAddr_i"
    .port_info 6 /OUTPUT 1 "MemtoReg_o"
    .port_info 7 /OUTPUT 1 "RegWrite_o"
    .port_info 8 /OUTPUT 32 "ALUResult_o"
    .port_info 9 /OUTPUT 32 "MemData_o"
    .port_info 10 /OUTPUT 5 "RegAddr_o"
v0x7f8cf7438170_0 .var "ALUResult", 31 0;
v0x7f8cf7438220_0 .net "ALUResult_i", 31 0, v0x7f8cf742f950_0;  alias, 1 drivers
v0x7f8cf7438300_0 .net "ALUResult_o", 31 0, v0x7f8cf7438170_0;  alias, 1 drivers
v0x7f8cf74383a0_0 .var "MemData", 31 0;
v0x7f8cf7438450_0 .net8 "MemData_i", 31 0, RS_0x10ed073e8;  alias, 2 drivers
v0x7f8cf7438570_0 .net "MemData_o", 31 0, v0x7f8cf74383a0_0;  alias, 1 drivers
v0x7f8cf7438600_0 .var "MemtoReg", 0 0;
v0x7f8cf74386a0_0 .net "MemtoReg_i", 0 0, L_0x7f8cf7448220;  alias, 1 drivers
v0x7f8cf7438730_0 .net "MemtoReg_o", 0 0, v0x7f8cf7438600_0;  alias, 1 drivers
v0x7f8cf7438840_0 .var "RegAddr", 4 0;
v0x7f8cf74388f0_0 .net "RegAddr_i", 4 0, v0x7f8cf7430a20_0;  alias, 1 drivers
v0x7f8cf7438990_0 .net "RegAddr_o", 4 0, v0x7f8cf7438840_0;  alias, 1 drivers
v0x7f8cf7438a30_0 .var "RegWrite", 0 0;
v0x7f8cf7438ac0_0 .net "RegWrite_i", 0 0, v0x7f8cf7430630_0;  alias, 1 drivers
v0x7f8cf7438b90_0 .net "RegWrite_o", 0 0, v0x7f8cf7438a30_0;  alias, 1 drivers
v0x7f8cf7438c20_0 .net "clk_i", 0 0, o0x10ed07958;  alias, 0 drivers
S_0x7f8cf7438e30 .scope module, "MUX_ALUSrc" "MUX32" 2 209, 16 1 0, S_0x7f8cf7414540;
 .timescale 0 0;
    .port_info 0 /INPUT 32 "data1_i"
    .port_info 1 /INPUT 32 "data2_i"
    .port_info 2 /INPUT 1 "select_i"
    .port_info 3 /OUTPUT 32 "data_o"
v0x7f8cf7438fe0_0 .net "data1_i", 31 0, L_0x7f8cf7447c70;  alias, 1 drivers
v0x7f8cf7439080_0 .net "data2_i", 31 0, v0x7f8cf7435a20_0;  alias, 1 drivers
v0x7f8cf7439140_0 .net "data_o", 31 0, L_0x7f8cf7447eb0;  alias, 1 drivers
v0x7f8cf7439210_0 .net "select_i", 0 0, v0x7f8cf7433e40_0;  alias, 1 drivers
L_0x7f8cf7447eb0 .functor MUXZ 32, L_0x7f8cf7447c70, v0x7f8cf7435a20_0, v0x7f8cf7433e40_0, C4<>;
S_0x7f8cf74392f0 .scope module, "MUX_ALUSrc1" "MUX4" 2 178, 17 1 0, S_0x7f8cf7414540;
 .timescale 0 0;
    .port_info 0 /INPUT 32 "data00_i"
    .port_info 1 /INPUT 32 "data01_i"
    .port_info 2 /INPUT 32 "data10_i"
    .port_info 3 /INPUT 32 "data11_i"
    .port_info 4 /INPUT 2 "select_i"
    .port_info 5 /OUTPUT 32 "data_o"
L_0x10ed386c8 .functor BUFT 1, C4<00>, C4<0>, C4<0>, C4<0>;
v0x7f8cf7439560_0 .net/2u *"_s0", 1 0, L_0x10ed386c8;  1 drivers
v0x7f8cf7439620_0 .net *"_s10", 0 0, L_0x7f8cf7446d20;  1 drivers
L_0x10ed387a0 .functor BUFT 1, C4<11>, C4<0>, C4<0>, C4<0>;
v0x7f8cf74396c0_0 .net/2u *"_s12", 1 0, L_0x10ed387a0;  1 drivers
v0x7f8cf7439760_0 .net *"_s14", 0 0, L_0x7f8cf7446e00;  1 drivers
L_0x10ed387e8 .functor BUFT 1, C4<xxxxxxxxxxxxxxxxxxxxxxxxxxxxxxxx>, C4<0>, C4<0>, C4<0>;
v0x7f8cf7439800_0 .net *"_s16", 31 0, L_0x10ed387e8;  1 drivers
v0x7f8cf74398f0_0 .net *"_s18", 31 0, L_0x7f8cf7446f00;  1 drivers
v0x7f8cf74399a0_0 .net *"_s2", 0 0, L_0x7f8cf7446b60;  1 drivers
v0x7f8cf7439a40_0 .net *"_s20", 31 0, L_0x7f8cf7447050;  1 drivers
v0x7f8cf7439af0_0 .net *"_s22", 31 0, L_0x7f8cf7447170;  1 drivers
L_0x10ed38710 .functor BUFT 1, C4<01>, C4<0>, C4<0>, C4<0>;
v0x7f8cf7439c00_0 .net/2u *"_s4", 1 0, L_0x10ed38710;  1 drivers
v0x7f8cf7439cb0_0 .net *"_s6", 0 0, L_0x7f8cf7446c00;  1 drivers
L_0x10ed38758 .functor BUFT 1, C4<10>, C4<0>, C4<0>, C4<0>;
v0x7f8cf7439d50_0 .net/2u *"_s8", 1 0, L_0x10ed38758;  1 drivers
v0x7f8cf7439e00_0 .net "data00_i", 31 0, v0x7f8cf7434270_0;  alias, 1 drivers
v0x7f8cf7439ec0_0 .net "data01_i", 31 0, L_0x7f8cf744a890;  alias, 1 drivers
v0x7f8cf7439f50_0 .net "data10_i", 31 0, v0x7f8cf742f950_0;  alias, 1 drivers
L_0x10ed38830 .functor BUFT 1, C4<xxxxxxxxxxxxxxxxxxxxxxxxxxxxxxxx>, C4<0>, C4<0>, C4<0>;
v0x7f8cf7439fe0_0 .net "data11_i", 31 0, L_0x10ed38830;  1 drivers
v0x7f8cf743a070_0 .net "data_o", 31 0, L_0x7f8cf74472d0;  alias, 1 drivers
v0x7f8cf743a230_0 .net "select_i", 1 0, L_0x7f8cf7449190;  alias, 1 drivers
L_0x7f8cf7446b60 .cmp/eq 2, L_0x7f8cf7449190, L_0x10ed386c8;
L_0x7f8cf7446c00 .cmp/eq 2, L_0x7f8cf7449190, L_0x10ed38710;
L_0x7f8cf7446d20 .cmp/eq 2, L_0x7f8cf7449190, L_0x10ed38758;
L_0x7f8cf7446e00 .cmp/eq 2, L_0x7f8cf7449190, L_0x10ed387a0;
L_0x7f8cf7446f00 .functor MUXZ 32, L_0x10ed387e8, L_0x10ed38830, L_0x7f8cf7446e00, C4<>;
L_0x7f8cf7447050 .functor MUXZ 32, L_0x7f8cf7446f00, v0x7f8cf742f950_0, L_0x7f8cf7446d20, C4<>;
L_0x7f8cf7447170 .functor MUXZ 32, L_0x7f8cf7447050, L_0x7f8cf744a890, L_0x7f8cf7446c00, C4<>;
L_0x7f8cf74472d0 .functor MUXZ 32, L_0x7f8cf7447170, v0x7f8cf7434270_0, L_0x7f8cf7446b60, C4<>;
S_0x7f8cf743a2e0 .scope module, "MUX_ALUSrc2" "MUX4" 2 187, 17 1 0, S_0x7f8cf7414540;
 .timescale 0 0;
    .port_info 0 /INPUT 32 "data00_i"
    .port_info 1 /INPUT 32 "data01_i"
    .port_info 2 /INPUT 32 "data10_i"
    .port_info 3 /INPUT 32 "data11_i"
    .port_info 4 /INPUT 2 "select_i"
    .port_info 5 /OUTPUT 32 "data_o"
L_0x10ed38878 .functor BUFT 1, C4<00>, C4<0>, C4<0>, C4<0>;
v0x7f8cf743a620_0 .net/2u *"_s0", 1 0, L_0x10ed38878;  1 drivers
v0x7f8cf743a6e0_0 .net *"_s10", 0 0, L_0x7f8cf7444540;  1 drivers
L_0x10ed38950 .functor BUFT 1, C4<11>, C4<0>, C4<0>, C4<0>;
v0x7f8cf743a780_0 .net/2u *"_s12", 1 0, L_0x10ed38950;  1 drivers
v0x7f8cf743a810_0 .net *"_s14", 0 0, L_0x7f8cf7447830;  1 drivers
L_0x10ed38998 .functor BUFT 1, C4<xxxxxxxxxxxxxxxxxxxxxxxxxxxxxxxx>, C4<0>, C4<0>, C4<0>;
v0x7f8cf743a8a0_0 .net *"_s16", 31 0, L_0x10ed38998;  1 drivers
v0x7f8cf743a950_0 .net *"_s18", 31 0, L_0x7f8cf7447910;  1 drivers
v0x7f8cf743aa00_0 .net *"_s2", 0 0, L_0x7f8cf7447470;  1 drivers
v0x7f8cf743aaa0_0 .net *"_s20", 31 0, L_0x7f8cf7447a30;  1 drivers
v0x7f8cf743ab50_0 .net *"_s22", 31 0, L_0x7f8cf7447b50;  1 drivers
L_0x10ed388c0 .functor BUFT 1, C4<01>, C4<0>, C4<0>, C4<0>;
v0x7f8cf743ac60_0 .net/2u *"_s4", 1 0, L_0x10ed388c0;  1 drivers
v0x7f8cf743ad10_0 .net *"_s6", 0 0, L_0x7f8cf7447510;  1 drivers
L_0x10ed38908 .functor BUFT 1, C4<10>, C4<0>, C4<0>, C4<0>;
v0x7f8cf743adb0_0 .net/2u *"_s8", 1 0, L_0x10ed38908;  1 drivers
v0x7f8cf743ae60_0 .net "data00_i", 31 0, v0x7f8cf7434480_0;  alias, 1 drivers
v0x7f8cf743af00_0 .net "data01_i", 31 0, L_0x7f8cf744a890;  alias, 1 drivers
v0x7f8cf743afa0_0 .net "data10_i", 31 0, v0x7f8cf742f950_0;  alias, 1 drivers
L_0x10ed389e0 .functor BUFT 1, C4<xxxxxxxxxxxxxxxxxxxxxxxxxxxxxxxx>, C4<0>, C4<0>, C4<0>;
v0x7f8cf743b0b0_0 .net "data11_i", 31 0, L_0x10ed389e0;  1 drivers
v0x7f8cf743b160_0 .net "data_o", 31 0, L_0x7f8cf7447c70;  alias, 1 drivers
v0x7f8cf743b2f0_0 .net "select_i", 1 0, L_0x7f8cf7449a10;  alias, 1 drivers
L_0x7f8cf7447470 .cmp/eq 2, L_0x7f8cf7449a10, L_0x10ed38878;
L_0x7f8cf7447510 .cmp/eq 2, L_0x7f8cf7449a10, L_0x10ed388c0;
L_0x7f8cf7444540 .cmp/eq 2, L_0x7f8cf7449a10, L_0x10ed38908;
L_0x7f8cf7447830 .cmp/eq 2, L_0x7f8cf7449a10, L_0x10ed38950;
L_0x7f8cf7447910 .functor MUXZ 32, L_0x10ed38998, L_0x10ed389e0, L_0x7f8cf7447830, C4<>;
L_0x7f8cf7447a30 .functor MUXZ 32, L_0x7f8cf7447910, v0x7f8cf742f950_0, L_0x7f8cf7444540, C4<>;
L_0x7f8cf7447b50 .functor MUXZ 32, L_0x7f8cf7447a30, L_0x7f8cf744a890, L_0x7f8cf7447510, C4<>;
L_0x7f8cf7447c70 .functor MUXZ 32, L_0x7f8cf7447b50, v0x7f8cf7434480_0, L_0x7f8cf7447470, C4<>;
S_0x7f8cf743b390 .scope module, "MUX_Branch" "MUX32" 2 48, 16 1 0, S_0x7f8cf7414540;
 .timescale 0 0;
    .port_info 0 /INPUT 32 "data1_i"
    .port_info 1 /INPUT 32 "data2_i"
    .port_info 2 /INPUT 1 "select_i"
    .port_info 3 /OUTPUT 32 "data_o"
v0x7f8cf743b5c0_0 .net "data1_i", 31 0, L_0x7f8cf7441350;  alias, 1 drivers
v0x7f8cf743b6b0_0 .net "data2_i", 31 0, L_0x7f8cf74418b0;  alias, 1 drivers
v0x7f8cf743b740_0 .net "data_o", 31 0, L_0x7f8cf7441d10;  alias, 1 drivers
v0x7f8cf743b7d0_0 .net "select_i", 0 0, L_0x7f8cf7443d50;  alias, 1 drivers
L_0x7f8cf7441d10 .functor MUXZ 32, L_0x7f8cf7441350, L_0x7f8cf74418b0, L_0x7f8cf7443d50, C4<>;
S_0x7f8cf743b8d0 .scope module, "MUX_Jump" "MUX32" 2 55, 16 1 0, S_0x7f8cf7414540;
 .timescale 0 0;
    .port_info 0 /INPUT 32 "data1_i"
    .port_info 1 /INPUT 32 "data2_i"
    .port_info 2 /INPUT 1 "select_i"
    .port_info 3 /OUTPUT 32 "data_o"
v0x7f8cf743bae0_0 .net "data1_i", 31 0, L_0x7f8cf7441d10;  alias, 1 drivers
v0x7f8cf743bbb0_0 .net "data2_i", 31 0, o0x10ed0a7d8;  alias, 0 drivers
v0x7f8cf743bc50_0 .net "data_o", 31 0, L_0x7f8cf7441e30;  alias, 1 drivers
v0x7f8cf743bd10_0 .net "select_i", 0 0, L_0x7f8cf7443420;  alias, 1 drivers
L_0x7f8cf7441e30 .functor MUXZ 32, L_0x7f8cf7441d10, o0x10ed0a7d8, L_0x7f8cf7443420, C4<>;
S_0x7f8cf743be10 .scope module, "MUX_RegDst" "MUX5" 2 171, 18 1 0, S_0x7f8cf7414540;
 .timescale 0 0;
    .port_info 0 /INPUT 5 "data1_i"
    .port_info 1 /INPUT 5 "data2_i"
    .port_info 2 /INPUT 1 "select_i"
    .port_info 3 /OUTPUT 5 "data_o"
v0x7f8cf743c020_0 .net "data1_i", 4 0, v0x7f8cf7435570_0;  alias, 1 drivers
v0x7f8cf743c150_0 .net "data2_i", 4 0, v0x7f8cf7434cb0_0;  alias, 1 drivers
v0x7f8cf743c1f0_0 .net "data_o", 4 0, L_0x7f8cf74469c0;  alias, 1 drivers
v0x7f8cf743c2a0_0 .net "select_i", 0 0, v0x7f8cf7434e90_0;  alias, 1 drivers
L_0x7f8cf74469c0 .functor MUXZ 5, v0x7f8cf7435570_0, v0x7f8cf7434cb0_0, v0x7f8cf7434e90_0, C4<>;
S_0x7f8cf743c380 .scope module, "MUX_WBSrc" "MUX32" 2 280, 16 1 0, S_0x7f8cf7414540;
 .timescale 0 0;
    .port_info 0 /INPUT 32 "data1_i"
    .port_info 1 /INPUT 32 "data2_i"
    .port_info 2 /INPUT 1 "select_i"
    .port_info 3 /OUTPUT 32 "data_o"
v0x7f8cf743c590_0 .net "data1_i", 31 0, v0x7f8cf7438170_0;  alias, 1 drivers
v0x7f8cf743c660_0 .net "data2_i", 31 0, v0x7f8cf74383a0_0;  alias, 1 drivers
v0x7f8cf743c710_0 .net "data_o", 31 0, L_0x7f8cf744a890;  alias, 1 drivers
v0x7f8cf743c800_0 .net "select_i", 0 0, v0x7f8cf7438600_0;  alias, 1 drivers
L_0x7f8cf744a890 .functor MUXZ 32, v0x7f8cf7438170_0, v0x7f8cf74383a0_0, v0x7f8cf7438600_0, C4<>;
S_0x7f8cf743c8d0 .scope module, "PC" "PC" 2 62, 19 1 0, S_0x7f8cf7414540;
 .timescale 0 0;
    .port_info 0 /INPUT 1 "clk_i"
    .port_info 1 /INPUT 1 "rst_i"
    .port_info 2 /INPUT 1 "start_i"
    .port_info 3 /INPUT 1 "PCWrite_i"
    .port_info 4 /INPUT 32 "pc_i"
    .port_info 5 /OUTPUT 32 "pc_o"
v0x7f8cf743cb40_0 .net "PCWrite_i", 0 0, L_0x7f8cf7442960;  alias, 1 drivers
v0x7f8cf743cbe0_0 .net "clk_i", 0 0, o0x10ed07958;  alias, 0 drivers
v0x7f8cf743cc70_0 .net "pc_i", 31 0, L_0x7f8cf7441e30;  alias, 1 drivers
v0x7f8cf743cd40_0 .var "pc_o", 31 0;
v0x7f8cf743cdd0_0 .net "rst_i", 0 0, o0x10ed09848;  alias, 0 drivers
v0x7f8cf743cea0_0 .net "start_i", 0 0, o0x10ed0aa78;  alias, 0 drivers
S_0x7f8cf743cfb0 .scope module, "Sign_Extend" "Sign_Extend" 2 131, 20 1 0, S_0x7f8cf7414540;
 .timescale 0 0;
    .port_info 0 /INPUT 16 "data_i"
    .port_info 1 /OUTPUT 32 "data_o"
v0x7f8cf743d170_0 .net *"_s1", 0 0, L_0x7f8cf7445600;  1 drivers
v0x7f8cf743d230_0 .net *"_s2", 15 0, L_0x7f8cf74456a0;  1 drivers
v0x7f8cf743d2e0_0 .net "data_i", 15 0, L_0x7f8cf7445b90;  1 drivers
v0x7f8cf743d3a0_0 .net "data_o", 31 0, L_0x7f8cf7445890;  alias, 1 drivers
L_0x7f8cf7445600 .part L_0x7f8cf7445b90, 15, 1;
LS_0x7f8cf74456a0_0_0 .concat [ 1 1 1 1], L_0x7f8cf7445600, L_0x7f8cf7445600, L_0x7f8cf7445600, L_0x7f8cf7445600;
LS_0x7f8cf74456a0_0_4 .concat [ 1 1 1 1], L_0x7f8cf7445600, L_0x7f8cf7445600, L_0x7f8cf7445600, L_0x7f8cf7445600;
LS_0x7f8cf74456a0_0_8 .concat [ 1 1 1 1], L_0x7f8cf7445600, L_0x7f8cf7445600, L_0x7f8cf7445600, L_0x7f8cf7445600;
LS_0x7f8cf74456a0_0_12 .concat [ 1 1 1 1], L_0x7f8cf7445600, L_0x7f8cf7445600, L_0x7f8cf7445600, L_0x7f8cf7445600;
L_0x7f8cf74456a0 .concat [ 4 4 4 4], LS_0x7f8cf74456a0_0_0, LS_0x7f8cf74456a0_0_4, LS_0x7f8cf74456a0_0_8, LS_0x7f8cf74456a0_0_12;
L_0x7f8cf7445890 .concat [ 16 16 0 0], L_0x7f8cf7445b90, L_0x7f8cf74456a0;
S_0x7f8cf743d480 .scope module, "WB_Registers" "Registers" 2 287, 12 1 0, S_0x7f8cf7414540;
 .timescale 0 0;
    .port_info 0 /INPUT 1 "clk_i"
    .port_info 1 /INPUT 5 "RSaddr_i"
    .port_info 2 /INPUT 5 "RTaddr_i"
    .port_info 3 /INPUT 5 "RDaddr_i"
    .port_info 4 /INPUT 32 "RDdata_i"
    .port_info 5 /INPUT 1 "RegWrite_i"
    .port_info 6 /OUTPUT 32 "RSdata_o"
    .port_info 7 /OUTPUT 32 "RTdata_o"
L_0x7f8cf744ab50 .functor BUFZ 32, L_0x7f8cf744aab0, C4<00000000000000000000000000000000>, C4<00000000000000000000000000000000>, C4<00000000000000000000000000000000>;
L_0x7f8cf744ac60 .functor BUFZ 32, L_0x7f8cf744abc0, C4<00000000000000000000000000000000>, C4<00000000000000000000000000000000>, C4<00000000000000000000000000000000>;
v0x7f8cf743d730_0 .net "RDaddr_i", 4 0, v0x7f8cf7438840_0;  alias, 1 drivers
v0x7f8cf743d810_0 .net "RDdata_i", 31 0, L_0x7f8cf744a890;  alias, 1 drivers
L_0x10ed38cb0 .functor BUFT 1, C4<xxxxx>, C4<0>, C4<0>, C4<0>;
v0x7f8cf743d8b0_0 .net "RSaddr_i", 4 0, L_0x10ed38cb0;  1 drivers
v0x7f8cf743d950_0 .net "RSdata_o", 31 0, L_0x7f8cf744ab50;  1 drivers
L_0x10ed38cf8 .functor BUFT 1, C4<xxxxx>, C4<0>, C4<0>, C4<0>;
v0x7f8cf743da00_0 .net "RTaddr_i", 4 0, L_0x10ed38cf8;  1 drivers
v0x7f8cf743daf0_0 .net "RTdata_o", 31 0, L_0x7f8cf744ac60;  1 drivers
v0x7f8cf743dba0_0 .net "RegWrite_i", 0 0, v0x7f8cf7438a30_0;  alias, 1 drivers
v0x7f8cf743dc70_0 .net *"_s0", 31 0, L_0x7f8cf744aab0;  1 drivers
L_0x10ed38dd0 .functor BUFT 1, C4<00xxxxx>, C4<0>, C4<0>, C4<0>;
v0x7f8cf743dd00_0 .net *"_s10", 6 0, L_0x10ed38dd0;  1 drivers
L_0x10ed38d88 .functor BUFT 1, C4<00xxxxx>, C4<0>, C4<0>, C4<0>;
v0x7f8cf743de10_0 .net *"_s2", 6 0, L_0x10ed38d88;  1 drivers
v0x7f8cf743dec0_0 .net *"_s8", 31 0, L_0x7f8cf744abc0;  1 drivers
v0x7f8cf743df70_0 .net "clk_i", 0 0, o0x10ed07958;  alias, 0 drivers
v0x7f8cf743e000 .array "register", 31 0, 31 0;
L_0x7f8cf744aab0 .array/port v0x7f8cf743e000, L_0x10ed38d88;
L_0x7f8cf744abc0 .array/port v0x7f8cf743e000, L_0x10ed38dd0;
    .scope S_0x7f8cf743c8d0;
T_0 ;
    %wait E_0x7f8cf7436ec0;
    %load/vec4 v0x7f8cf743cdd0_0;
    %inv;
    %flag_set/vec4 8;
    %jmp/0xz  T_0.0, 8;
    %pushi/vec4 0, 0, 32;
    %assign/vec4 v0x7f8cf743cd40_0, 0;
    %jmp T_0.1;
T_0.0 ;
    %load/vec4 v0x7f8cf743cb40_0;
    %flag_set/vec4 8;
    %jmp/0xz  T_0.2, 8;
    %load/vec4 v0x7f8cf743cea0_0;
    %flag_set/vec4 8;
    %jmp/0xz  T_0.4, 8;
    %load/vec4 v0x7f8cf743cc70_0;
    %assign/vec4 v0x7f8cf743cd40_0, 0;
    %jmp T_0.5;
T_0.4 ;
    %load/vec4 v0x7f8cf743cd40_0;
    %assign/vec4 v0x7f8cf743cd40_0, 0;
T_0.5 ;
T_0.2 ;
T_0.1 ;
    %jmp T_0;
    .thread T_0;
    .scope S_0x7f8cf7436c50;
T_1 ;
    %wait E_0x7f8cf7436ec0;
    %load/vec4 v0x7f8cf7437640_0;
    %pad/u 32;
    %cmpi/e 0, 0, 32;
    %jmp/0xz  T_1.0, 4;
    %pushi/vec4 0, 0, 32;
    %assign/vec4 v0x7f8cf74370f0_0, 0;
    %pushi/vec4 0, 0, 32;
    %assign/vec4 v0x7f8cf74373b0_0, 0;
    %jmp T_1.1;
T_1.0 ;
    %load/vec4 v0x7f8cf74371a0_0;
    %assign/vec4 v0x7f8cf74370f0_0, 0;
    %load/vec4 v0x7f8cf7437460_0;
    %assign/vec4 v0x7f8cf74373b0_0, 0;
    %load/vec4 v0x7f8cf7436fa0_0;
    %assign/vec4 v0x7f8cf7436ef0_0, 0;
T_1.1 ;
    %jmp T_1;
    .thread T_1;
    .scope S_0x7f8cf7435f10;
T_2 ;
    %wait E_0x7f8cf742e4b0;
    %load/vec4 v0x7f8cf7436530_0;
    %flag_set/vec4 8;
    %jmp/0xz  T_2.0, 8;
    %load/vec4 v0x7f8cf74361c0_0;
    %load/vec4 v0x7f8cf7436130_0;
    %pad/u 7;
    %ix/vec4 3;
    %ix/load 4, 0, 0; Constant delay
    %assign/vec4/a/d v0x7f8cf7436af0, 0, 4;
T_2.0 ;
    %jmp T_2;
    .thread T_2;
    .scope S_0x7f8cf74336b0;
T_3 ;
    %wait E_0x7f8cf742e4b0;
    %load/vec4 v0x7f8cf7433ed0_0;
    %assign/vec4 v0x7f8cf7433e40_0, 0;
    %load/vec4 v0x7f8cf7434f30_0;
    %assign/vec4 v0x7f8cf7434e90_0, 0;
    %load/vec4 v0x7f8cf7434730_0;
    %assign/vec4 v0x7f8cf74346a0_0, 0;
    %load/vec4 v0x7f8cf74349e0_0;
    %assign/vec4 v0x7f8cf7434950_0, 0;
    %load/vec4 v0x7f8cf74340c0_0;
    %assign/vec4 v0x7f8cf7434030_0, 0;
    %load/vec4 v0x7f8cf7434b90_0;
    %assign/vec4 v0x7f8cf7434b00_0, 0;
    %load/vec4 v0x7f8cf7435110_0;
    %assign/vec4 v0x7f8cf7435070_0, 0;
    %load/vec4 v0x7f8cf7433ce0_0;
    %assign/vec4 v0x7f8cf7433c50_0, 0;
    %load/vec4 v0x7f8cf7434320_0;
    %assign/vec4 v0x7f8cf7434270_0, 0;
    %load/vec4 v0x7f8cf7434530_0;
    %assign/vec4 v0x7f8cf7434480_0, 0;
    %load/vec4 v0x7f8cf7435ac0_0;
    %assign/vec4 v0x7f8cf7435a20_0, 0;
    %load/vec4 v0x7f8cf7435450_0;
    %assign/vec4 v0x7f8cf74347e0_0, 0;
    %load/vec4 v0x7f8cf7435610_0;
    %assign/vec4 v0x7f8cf7435570_0, 0;
    %load/vec4 v0x7f8cf7434d40_0;
    %assign/vec4 v0x7f8cf7434cb0_0, 0;
    %load/vec4 v0x7f8cf74358b0_0;
    %assign/vec4 v0x7f8cf7435810_0, 0;
    %jmp T_3;
    .thread T_3;
    .scope S_0x7f8cf7413fb0;
T_4 ;
    %wait E_0x7f8cf741fcd0;
    %load/vec4 v0x7f8cf7418690_0;
    %dup/vec4;
    %pushi/vec4 0, 0, 3;
    %cmp/u;
    %jmp/1 T_4.0, 6;
    %dup/vec4;
    %pushi/vec4 1, 0, 3;
    %cmp/u;
    %jmp/1 T_4.1, 6;
    %dup/vec4;
    %pushi/vec4 2, 0, 3;
    %cmp/u;
    %jmp/1 T_4.2, 6;
    %dup/vec4;
    %pushi/vec4 6, 0, 3;
    %cmp/u;
    %jmp/1 T_4.3, 6;
    %dup/vec4;
    %pushi/vec4 7, 0, 3;
    %cmp/u;
    %jmp/1 T_4.4, 6;
    %dup/vec4;
    %pushi/vec4 3, 0, 3;
    %cmp/u;
    %jmp/1 T_4.5, 6;
    %jmp T_4.6;
T_4.0 ;
    %load/vec4 v0x7f8cf742c8c0_0;
    %load/vec4 v0x7f8cf742c970_0;
    %and;
    %store/vec4 v0x7f8cf742cae0_0, 0, 32;
    %jmp T_4.6;
T_4.1 ;
    %load/vec4 v0x7f8cf742c8c0_0;
    %load/vec4 v0x7f8cf742c970_0;
    %or;
    %store/vec4 v0x7f8cf742cae0_0, 0, 32;
    %jmp T_4.6;
T_4.2 ;
    %load/vec4 v0x7f8cf742c8c0_0;
    %load/vec4 v0x7f8cf742c970_0;
    %add;
    %store/vec4 v0x7f8cf742cae0_0, 0, 32;
    %jmp T_4.6;
T_4.3 ;
    %load/vec4 v0x7f8cf742c8c0_0;
    %load/vec4 v0x7f8cf742c970_0;
    %sub;
    %store/vec4 v0x7f8cf742cae0_0, 0, 32;
    %jmp T_4.6;
T_4.4 ;
    %load/vec4 v0x7f8cf742c8c0_0;
    %load/vec4 v0x7f8cf742c970_0;
    %cmp/u;
    %flag_mov 8, 5;
    %jmp/0 T_4.7, 8;
    %pushi/vec4 1, 0, 32;
    %jmp/1 T_4.8, 8;
T_4.7 ; End of true expr.
    %pushi/vec4 0, 0, 32;
    %jmp/0 T_4.8, 8;
 ; End of false expr.
    %blend;
T_4.8;
    %store/vec4 v0x7f8cf742cae0_0, 0, 32;
    %jmp T_4.6;
T_4.5 ;
    %load/vec4 v0x7f8cf742c8c0_0;
    %load/vec4 v0x7f8cf742c970_0;
    %mul;
    %store/vec4 v0x7f8cf742cae0_0, 0, 32;
    %jmp T_4.6;
T_4.6 ;
    %pop/vec4 1;
    %jmp T_4;
    .thread T_4, $push;
    .scope S_0x7f8cf742cc10;
T_5 ;
    %wait E_0x7f8cf742ce20;
    %load/vec4 v0x7f8cf742cfd0_0;
    %dup/vec4;
    %pushi/vec4 0, 0, 2;
    %cmp/u;
    %jmp/1 T_5.0, 6;
    %dup/vec4;
    %pushi/vec4 1, 0, 2;
    %cmp/u;
    %jmp/1 T_5.1, 6;
    %dup/vec4;
    %pushi/vec4 2, 0, 2;
    %cmp/u;
    %jmp/1 T_5.2, 6;
    %load/vec4 v0x7f8cf742d090_0;
    %dup/vec4;
    %pushi/vec4 32, 0, 6;
    %cmp/u;
    %jmp/1 T_5.5, 6;
    %dup/vec4;
    %pushi/vec4 34, 0, 6;
    %cmp/u;
    %jmp/1 T_5.6, 6;
    %dup/vec4;
    %pushi/vec4 36, 0, 6;
    %cmp/u;
    %jmp/1 T_5.7, 6;
    %dup/vec4;
    %pushi/vec4 37, 0, 6;
    %cmp/u;
    %jmp/1 T_5.8, 6;
    %dup/vec4;
    %pushi/vec4 42, 0, 6;
    %cmp/u;
    %jmp/1 T_5.9, 6;
    %dup/vec4;
    %pushi/vec4 24, 0, 6;
    %cmp/u;
    %jmp/1 T_5.10, 6;
    %pushi/vec4 7, 7, 3;
    %store/vec4 v0x7f8cf742cf30_0, 0, 3;
    %jmp T_5.12;
T_5.5 ;
    %pushi/vec4 2, 0, 3;
    %store/vec4 v0x7f8cf742cf30_0, 0, 3;
    %jmp T_5.12;
T_5.6 ;
    %pushi/vec4 6, 0, 3;
    %store/vec4 v0x7f8cf742cf30_0, 0, 3;
    %jmp T_5.12;
T_5.7 ;
    %pushi/vec4 0, 0, 3;
    %store/vec4 v0x7f8cf742cf30_0, 0, 3;
    %jmp T_5.12;
T_5.8 ;
    %pushi/vec4 1, 0, 3;
    %store/vec4 v0x7f8cf742cf30_0, 0, 3;
    %jmp T_5.12;
T_5.9 ;
    %pushi/vec4 7, 0, 3;
    %store/vec4 v0x7f8cf742cf30_0, 0, 3;
    %jmp T_5.12;
T_5.10 ;
    %pushi/vec4 3, 0, 3;
    %store/vec4 v0x7f8cf742cf30_0, 0, 3;
    %jmp T_5.12;
T_5.12 ;
    %pop/vec4 1;
    %jmp T_5.4;
T_5.0 ;
    %pushi/vec4 2, 0, 3;
    %store/vec4 v0x7f8cf742cf30_0, 0, 3;
    %jmp T_5.4;
T_5.1 ;
    %pushi/vec4 6, 0, 3;
    %store/vec4 v0x7f8cf742cf30_0, 0, 3;
    %jmp T_5.4;
T_5.2 ;
    %pushi/vec4 1, 0, 3;
    %store/vec4 v0x7f8cf742cf30_0, 0, 3;
    %jmp T_5.4;
T_5.4 ;
    %pop/vec4 1;
    %jmp T_5;
    .thread T_5, $push;
    .scope S_0x7f8cf742f510;
T_6 ;
    %wait E_0x7f8cf742e4b0;
    %load/vec4 v0x7f8cf7430080_0;
    %assign/vec4 v0x7f8cf742fff0_0, 0;
    %load/vec4 v0x7f8cf7430230_0;
    %assign/vec4 v0x7f8cf74301a0_0, 0;
    %load/vec4 v0x7f8cf742fbf0_0;
    %assign/vec4 v0x7f8cf742fb60_0, 0;
    %load/vec4 v0x7f8cf74303f0_0;
    %assign/vec4 v0x7f8cf7430350_0, 0;
    %load/vec4 v0x7f8cf74306d0_0;
    %assign/vec4 v0x7f8cf7430630_0, 0;
    %load/vec4 v0x7f8cf742fa10_0;
    %assign/vec4 v0x7f8cf742f950_0, 0;
    %load/vec4 v0x7f8cf74308c0_0;
    %assign/vec4 v0x7f8cf7430810_0, 0;
    %load/vec4 v0x7f8cf7430ad0_0;
    %assign/vec4 v0x7f8cf7430a20_0, 0;
    %load/vec4 v0x7f8cf742fe10_0;
    %assign/vec4 v0x7f8cf742fd60_0, 0;
    %jmp T_6;
    .thread T_6;
    .scope S_0x7f8cf7702b50;
T_7 ;
    %wait E_0x7f8cf7702cb0;
    %load/vec4 v0x7f8cf7702f40_0;
    %flag_set/vec4 8;
    %jmp/0xz  T_7.0, 8;
    %load/vec4 v0x7f8cf742f2e0_0;
    %load/vec4 v0x7f8cf742f150_0;
    %ix/load 4, 2, 0;
    %flag_set/imm 4, 0;
    %shiftr 4;
    %ix/vec4 3;
    %ix/load 4, 0, 0; Constant delay
    %assign/vec4/a/d v0x7f8cf742f400, 0, 4;
T_7.0 ;
    %jmp T_7;
    .thread T_7, $push;
    .scope S_0x7f8cf7437e50;
T_8 ;
    %wait E_0x7f8cf742e4b0;
    %load/vec4 v0x7f8cf74386a0_0;
    %assign/vec4 v0x7f8cf7438600_0, 0;
    %load/vec4 v0x7f8cf7438ac0_0;
    %assign/vec4 v0x7f8cf7438a30_0, 0;
    %load/vec4 v0x7f8cf7438220_0;
    %assign/vec4 v0x7f8cf7438170_0, 0;
    %load/vec4 v0x7f8cf7438450_0;
    %assign/vec4 v0x7f8cf74383a0_0, 0;
    %load/vec4 v0x7f8cf74388f0_0;
    %assign/vec4 v0x7f8cf7438840_0, 0;
    %jmp T_8;
    .thread T_8;
    .scope S_0x7f8cf743d480;
T_9 ;
    %wait E_0x7f8cf742e4b0;
    %load/vec4 v0x7f8cf743dba0_0;
    %flag_set/vec4 8;
    %jmp/0xz  T_9.0, 8;
    %load/vec4 v0x7f8cf743d810_0;
    %load/vec4 v0x7f8cf743d730_0;
    %pad/u 7;
    %ix/vec4 3;
    %ix/load 4, 0, 0; Constant delay
    %assign/vec4/a/d v0x7f8cf743e000, 0, 4;
T_9.0 ;
    %jmp T_9;
    .thread T_9;
# The file index is used to find the file name in the following table.
:file_names 21;
    "N/A";
    "<interactive>";
    "CPU.v";
    "ALU.v";
    "ALU_Control.v";
    "Adder.v";
    "Control.v";
    "Data_Memory.v";
    "EX_MEM.v";
    "Forwarding.v";
    "Hazard_Detection.v";
    "ID_EX.v";
    "Registers.v";
    "IF_ID.v";
    "Instruction_Memory.v";
    "MEM_WB.v";
    "MUX32.v";
    "MUX4.v";
    "MUX5.v";
    "PC.v";
    "Sign_Extend.v";
