#! /usr/local/bin/vvp
:ivl_version "10.1 (stable)" "(v10_1-27-g30257e0)";
:ivl_delay_selection "TYPICAL";
:vpi_time_precision + 0;
:vpi_module "system";
:vpi_module "vhdl_sys";
:vpi_module "v2005_math";
:vpi_module "va_math";
S_0x7fdc9b6020e0 .scope module, "ALU_Control" "ALU_Control" 2 1;
 .timescale 0 0;
    .port_info 0 /INPUT 6 "funct_i"
    .port_info 1 /INPUT 2 "ALUOp_i"
    .port_info 2 /OUTPUT 3 "ALUCtrl_o"
L_0x7fdc9b6124e0 .functor BUFZ 3, v0x7fdc9b612290_0, C4<000>, C4<000>, C4<000>;
v0x7fdc9b602240_0 .net "ALUCtrl_o", 2 0, L_0x7fdc9b6124e0;  1 drivers
v0x7fdc9b612290_0 .var "ALUCtrl_reg", 2 0;
o0x10c6cd068 .functor BUFZ 2, C4<zz>; HiZ drive
v0x7fdc9b612330_0 .net "ALUOp_i", 1 0, o0x10c6cd068;  0 drivers
o0x10c6cd098 .functor BUFZ 6, C4<zzzzzz>; HiZ drive
v0x7fdc9b6123e0_0 .net "funct_i", 5 0, o0x10c6cd098;  0 drivers
E_0x7fdc9b601f80 .event edge, v0x7fdc9b612330_0, v0x7fdc9b6123e0_0;
    .scope S_0x7fdc9b6020e0;
T_0 ;
    %wait E_0x7fdc9b601f80;
    %load/vec4 v0x7fdc9b612330_0;
    %dup/vec4;
    %pushi/vec4 0, 0, 2;
    %cmp/u;
    %jmp/1 T_0.0, 6;
    %dup/vec4;
    %pushi/vec4 1, 0, 2;
    %cmp/u;
    %jmp/1 T_0.1, 6;
    %dup/vec4;
    %pushi/vec4 2, 0, 2;
    %cmp/u;
    %jmp/1 T_0.2, 6;
    %load/vec4 v0x7fdc9b6123e0_0;
    %dup/vec4;
    %pushi/vec4 32, 0, 6;
    %cmp/u;
    %jmp/1 T_0.5, 6;
    %dup/vec4;
    %pushi/vec4 34, 0, 6;
    %cmp/u;
    %jmp/1 T_0.6, 6;
    %dup/vec4;
    %pushi/vec4 36, 0, 6;
    %cmp/u;
    %jmp/1 T_0.7, 6;
    %dup/vec4;
    %pushi/vec4 37, 0, 6;
    %cmp/u;
    %jmp/1 T_0.8, 6;
    %dup/vec4;
    %pushi/vec4 42, 0, 6;
    %cmp/u;
    %jmp/1 T_0.9, 6;
    %dup/vec4;
    %pushi/vec4 24, 0, 6;
    %cmp/u;
    %jmp/1 T_0.10, 6;
    %pushi/vec4 7, 7, 3;
    %cassign/vec4 v0x7fdc9b612290_0;
    %jmp T_0.12;
T_0.5 ;
    %pushi/vec4 2, 0, 3;
    %store/vec4 v0x7fdc9b612290_0, 0, 3;
    %jmp T_0.12;
T_0.6 ;
    %pushi/vec4 6, 0, 3;
    %store/vec4 v0x7fdc9b612290_0, 0, 3;
    %jmp T_0.12;
T_0.7 ;
    %pushi/vec4 0, 0, 3;
    %store/vec4 v0x7fdc9b612290_0, 0, 3;
    %jmp T_0.12;
T_0.8 ;
    %pushi/vec4 1, 0, 3;
    %store/vec4 v0x7fdc9b612290_0, 0, 3;
    %jmp T_0.12;
T_0.9 ;
    %pushi/vec4 7, 0, 3;
    %store/vec4 v0x7fdc9b612290_0, 0, 3;
    %jmp T_0.12;
T_0.10 ;
    %pushi/vec4 3, 0, 3;
    %store/vec4 v0x7fdc9b612290_0, 0, 3;
    %jmp T_0.12;
T_0.12 ;
    %pop/vec4 1;
    %jmp T_0.4;
T_0.0 ;
    %pushi/vec4 2, 0, 3;
    %cassign/vec4 v0x7fdc9b612290_0;
    %jmp T_0.4;
T_0.1 ;
    %pushi/vec4 6, 0, 3;
    %cassign/vec4 v0x7fdc9b612290_0;
    %jmp T_0.4;
T_0.2 ;
    %pushi/vec4 1, 0, 3;
    %cassign/vec4 v0x7fdc9b612290_0;
    %jmp T_0.4;
T_0.4 ;
    %pop/vec4 1;
    %jmp T_0;
    .thread T_0, $push;
# The file index is used to find the file name in the following table.
:file_names 3;
    "N/A";
    "<interactive>";
    "ALU_Control.v";
